{"D:\\Perkuliahan\\Folder TA\\Tugas Akhir\\test\\Backend\\controllers\\AdminController.js": {"path":"D:\\Perkuliahan\\Folder TA\\Tugas Akhir\\test\\Backend\\controllers\\AdminController.js","statementMap":{"0":{"start":{"line":1,"column":24},"end":{"line":1,"column":66}},"1":{"start":{"line":2,"column":15},"end":{"line":2,"column":34}},"2":{"start":{"line":3,"column":23},"end":{"line":3,"column":52}},"3":{"start":{"line":4,"column":17},"end":{"line":4,"column":51}},"4":{"start":{"line":8,"column":4},"end":{"line":13,"column":5}},"5":{"start":{"line":9,"column":21},"end":{"line":9,"column":64}},"6":{"start":{"line":10,"column":6},"end":{"line":10,"column":23}},"7":{"start":{"line":12,"column":6},"end":{"line":12,"column":42}},"8":{"start":{"line":17,"column":4},"end":{"line":22,"column":5}},"9":{"start":{"line":18,"column":20},"end":{"line":18,"column":69}},"10":{"start":{"line":19,"column":6},"end":{"line":19,"column":22}},"11":{"start":{"line":21,"column":6},"end":{"line":21,"column":42}},"12":{"start":{"line":26,"column":4},"end":{"line":31,"column":5}},"13":{"start":{"line":27,"column":20},"end":{"line":27,"column":63}},"14":{"start":{"line":28,"column":6},"end":{"line":28,"column":34}},"15":{"start":{"line":30,"column":6},"end":{"line":30,"column":42}},"16":{"start":{"line":35,"column":4},"end":{"line":49,"column":5}},"17":{"start":{"line":36,"column":6},"end":{"line":38,"column":7}},"18":{"start":{"line":37,"column":8},"end":{"line":37,"column":69}},"19":{"start":{"line":39,"column":22},"end":{"line":41,"column":8}},"20":{"start":{"line":42,"column":21},"end":{"line":45,"column":7}},"21":{"start":{"line":46,"column":6},"end":{"line":46,"column":23}},"22":{"start":{"line":48,"column":6},"end":{"line":48,"column":42}},"23":{"start":{"line":53,"column":2},"end":{"line":72,"column":3}},"24":{"start":{"line":54,"column":20},"end":{"line":54,"column":33}},"25":{"start":{"line":56,"column":4},"end":{"line":58,"column":5}},"26":{"start":{"line":57,"column":6},"end":{"line":57,"column":67}},"27":{"start":{"line":60,"column":20},"end":{"line":62,"column":6}},"28":{"start":{"line":64,"column":19},"end":{"line":67,"column":5}},"29":{"start":{"line":69,"column":4},"end":{"line":69,"column":33}},"30":{"start":{"line":71,"column":4},"end":{"line":71,"column":53}},"31":{"start":{"line":77,"column":0},"end":{"line":77,"column":33}}},"fnMap":{"0":{"name":"(anonymous_0)","decl":{"start":{"line":7,"column":2},"end":{"line":7,"column":3}},"loc":{"start":{"line":7,"column":37},"end":{"line":14,"column":3}},"line":7},"1":{"name":"(anonymous_1)","decl":{"start":{"line":16,"column":2},"end":{"line":16,"column":3}},"loc":{"start":{"line":16,"column":38},"end":{"line":23,"column":3}},"line":16},"2":{"name":"(anonymous_2)","decl":{"start":{"line":25,"column":2},"end":{"line":25,"column":3}},"loc":{"start":{"line":25,"column":37},"end":{"line":32,"column":3}},"line":25},"3":{"name":"(anonymous_3)","decl":{"start":{"line":34,"column":4},"end":{"line":34,"column":5}},"loc":{"start":{"line":34,"column":38},"end":{"line":50,"column":3}},"line":34},"4":{"name":"(anonymous_4)","decl":{"start":{"line":52,"column":2},"end":{"line":52,"column":3}},"loc":{"start":{"line":52,"column":36},"end":{"line":73,"column":1}},"line":52}},"branchMap":{"0":{"loc":{"start":{"line":36,"column":6},"end":{"line":38,"column":7}},"type":"if","locations":[{"start":{"line":36,"column":6},"end":{"line":38,"column":7}},{"start":{},"end":{}}],"line":36},"1":{"loc":{"start":{"line":56,"column":4},"end":{"line":58,"column":5}},"type":"if","locations":[{"start":{"line":56,"column":4},"end":{"line":58,"column":5}},{"start":{},"end":{}}],"line":56}},"s":{"0":1,"1":1,"2":1,"3":1,"4":2,"5":2,"6":1,"7":1,"8":2,"9":2,"10":1,"11":1,"12":2,"13":2,"14":1,"15":1,"16":3,"17":3,"18":1,"19":2,"20":1,"21":1,"22":1,"23":3,"24":3,"25":3,"26":1,"27":2,"28":1,"29":1,"30":1,"31":1},"f":{"0":2,"1":2,"2":2,"3":3,"4":3},"b":{"0":[1,2],"1":[1,2]},"_coverageSchema":"1a1c01bbd47fc00a2c39e90264f33305004495a9","hash":"32622f159aa412902f7ed0f2d78909654421d992"}
,"D:\\Perkuliahan\\Folder TA\\Tugas Akhir\\test\\Backend\\controllers\\AuthController.js": {"path":"D:\\Perkuliahan\\Folder TA\\Tugas Akhir\\test\\Backend\\controllers\\AuthController.js","statementMap":{"0":{"start":{"line":1,"column":20},"end":{"line":1,"column":54}},"1":{"start":{"line":2,"column":12},"end":{"line":2,"column":35}},"2":{"start":{"line":6,"column":35},"end":{"line":6,"column":43}},"3":{"start":{"line":7,"column":4},"end":{"line":13,"column":5}},"4":{"start":{"line":8,"column":30},"end":{"line":8,"column":77}},"5":{"start":{"line":9,"column":22},"end":{"line":9,"column":39}},"6":{"start":{"line":10,"column":6},"end":{"line":10,"column":52}},"7":{"start":{"line":12,"column":6},"end":{"line":12,"column":55}},"8":{"start":{"line":17,"column":4},"end":{"line":22,"column":5}},"9":{"start":{"line":18,"column":19},"end":{"line":18,"column":55}},"10":{"start":{"line":19,"column":6},"end":{"line":19,"column":33}},"11":{"start":{"line":21,"column":6},"end":{"line":21,"column":55}},"12":{"start":{"line":26,"column":4},"end":{"line":31,"column":5}},"13":{"start":{"line":27,"column":19},"end":{"line":27,"column":60}},"14":{"start":{"line":28,"column":6},"end":{"line":28,"column":33}},"15":{"start":{"line":30,"column":6},"end":{"line":30,"column":55}},"16":{"start":{"line":34,"column":4},"end":{"line":41,"column":5}},"17":{"start":{"line":35,"column":37},"end":{"line":35,"column":45}},"18":{"start":{"line":36,"column":31},"end":{"line":36,"column":83}},"19":{"start":{"line":37,"column":22},"end":{"line":37,"column":39}},"20":{"start":{"line":38,"column":6},"end":{"line":38,"column":53}},"21":{"start":{"line":40,"column":6},"end":{"line":40,"column":55}},"22":{"start":{"line":45,"column":0},"end":{"line":45,"column":32}}},"fnMap":{"0":{"name":"(anonymous_0)","decl":{"start":{"line":5,"column":3},"end":{"line":5,"column":4}},"loc":{"start":{"line":5,"column":32},"end":{"line":14,"column":3}},"line":5},"1":{"name":"(anonymous_1)","decl":{"start":{"line":16,"column":2},"end":{"line":16,"column":3}},"loc":{"start":{"line":16,"column":34},"end":{"line":23,"column":3}},"line":16},"2":{"name":"(anonymous_2)","decl":{"start":{"line":25,"column":2},"end":{"line":25,"column":3}},"loc":{"start":{"line":25,"column":39},"end":{"line":32,"column":3}},"line":25},"3":{"name":"(anonymous_3)","decl":{"start":{"line":33,"column":2},"end":{"line":33,"column":3}},"loc":{"start":{"line":33,"column":36},"end":{"line":42,"column":3}},"line":33}},"branchMap":{},"s":{"0":1,"1":1,"2":2,"3":2,"4":2,"5":1,"6":1,"7":1,"8":2,"9":2,"10":1,"11":1,"12":2,"13":2,"14":1,"15":1,"16":2,"17":2,"18":2,"19":1,"20":1,"21":1,"22":1},"f":{"0":2,"1":2,"2":2,"3":2},"b":{},"_coverageSchema":"1a1c01bbd47fc00a2c39e90264f33305004495a9","hash":"b1f96e06f56ac0d42286bd4f723a37b88a601a2d"}
,"D:\\Perkuliahan\\Folder TA\\Tugas Akhir\\test\\Backend\\controllers\\DoctorController.js": {"path":"D:\\Perkuliahan\\Folder TA\\Tugas Akhir\\test\\Backend\\controllers\\DoctorController.js","statementMap":{"0":{"start":{"line":1,"column":25},"end":{"line":1,"column":68}},"1":{"start":{"line":2,"column":23},"end":{"line":2,"column":52}},"2":{"start":{"line":6,"column":4},"end":{"line":11,"column":5}},"3":{"start":{"line":7,"column":22},"end":{"line":7,"column":61}},"4":{"start":{"line":8,"column":6},"end":{"line":8,"column":24}},"5":{"start":{"line":10,"column":6},"end":{"line":10,"column":42}},"6":{"start":{"line":15,"column":4},"end":{"line":28,"column":5}},"7":{"start":{"line":16,"column":21},"end":{"line":16,"column":72}},"8":{"start":{"line":17,"column":6},"end":{"line":25,"column":7}},"9":{"start":{"line":18,"column":23},"end":{"line":21,"column":9}},"10":{"start":{"line":22,"column":8},"end":{"line":22,"column":25}},"11":{"start":{"line":24,"column":8},"end":{"line":24,"column":68}},"12":{"start":{"line":27,"column":6},"end":{"line":27,"column":42}},"13":{"start":{"line":32,"column":4},"end":{"line":47,"column":5}},"14":{"start":{"line":33,"column":6},"end":{"line":35,"column":7}},"15":{"start":{"line":34,"column":8},"end":{"line":34,"column":42}},"16":{"start":{"line":36,"column":21},"end":{"line":36,"column":66}},"17":{"start":{"line":37,"column":21},"end":{"line":40,"column":7}},"18":{"start":{"line":41,"column":6},"end":{"line":44,"column":9}},"19":{"start":{"line":46,"column":6},"end":{"line":46,"column":42}},"20":{"start":{"line":51,"column":4},"end":{"line":66,"column":5}},"21":{"start":{"line":52,"column":6},"end":{"line":54,"column":7}},"22":{"start":{"line":53,"column":8},"end":{"line":53,"column":42}},"23":{"start":{"line":55,"column":22},"end":{"line":55,"column":82}},"24":{"start":{"line":56,"column":21},"end":{"line":59,"column":7}},"25":{"start":{"line":60,"column":6},"end":{"line":63,"column":9}},"26":{"start":{"line":65,"column":6},"end":{"line":65,"column":42}},"27":{"start":{"line":70,"column":4},"end":{"line":78,"column":5}},"28":{"start":{"line":71,"column":23},"end":{"line":71,"column":73}},"29":{"start":{"line":72,"column":6},"end":{"line":75,"column":8}},"30":{"start":{"line":77,"column":6},"end":{"line":77,"column":42}},"31":{"start":{"line":82,"column":4},"end":{"line":96,"column":5}},"32":{"start":{"line":83,"column":6},"end":{"line":85,"column":7}},"33":{"start":{"line":84,"column":8},"end":{"line":84,"column":73}},"34":{"start":{"line":86,"column":22},"end":{"line":88,"column":8}},"35":{"start":{"line":89,"column":21},"end":{"line":92,"column":7}},"36":{"start":{"line":93,"column":6},"end":{"line":93,"column":23}},"37":{"start":{"line":95,"column":6},"end":{"line":95,"column":42}},"38":{"start":{"line":100,"column":0},"end":{"line":100,"column":34}}},"fnMap":{"0":{"name":"(anonymous_0)","decl":{"start":{"line":5,"column":2},"end":{"line":5,"column":3}},"loc":{"start":{"line":5,"column":32},"end":{"line":12,"column":3}},"line":5},"1":{"name":"(anonymous_1)","decl":{"start":{"line":14,"column":2},"end":{"line":14,"column":3}},"loc":{"start":{"line":14,"column":39},"end":{"line":29,"column":3}},"line":14},"2":{"name":"(anonymous_2)","decl":{"start":{"line":31,"column":2},"end":{"line":31,"column":3}},"loc":{"start":{"line":31,"column":38},"end":{"line":48,"column":3}},"line":31},"3":{"name":"(anonymous_3)","decl":{"start":{"line":50,"column":2},"end":{"line":50,"column":3}},"loc":{"start":{"line":50,"column":38},"end":{"line":67,"column":3}},"line":50},"4":{"name":"(anonymous_4)","decl":{"start":{"line":69,"column":2},"end":{"line":69,"column":3}},"loc":{"start":{"line":69,"column":38},"end":{"line":79,"column":3}},"line":69},"5":{"name":"(anonymous_5)","decl":{"start":{"line":81,"column":2},"end":{"line":81,"column":3}},"loc":{"start":{"line":81,"column":36},"end":{"line":97,"column":3}},"line":81}},"branchMap":{"0":{"loc":{"start":{"line":17,"column":6},"end":{"line":25,"column":7}},"type":"if","locations":[{"start":{"line":17,"column":6},"end":{"line":25,"column":7}},{"start":{"line":23,"column":13},"end":{"line":25,"column":7}}],"line":17},"1":{"loc":{"start":{"line":33,"column":6},"end":{"line":35,"column":7}},"type":"if","locations":[{"start":{"line":33,"column":6},"end":{"line":35,"column":7}},{"start":{},"end":{}}],"line":33},"2":{"loc":{"start":{"line":52,"column":6},"end":{"line":54,"column":7}},"type":"if","locations":[{"start":{"line":52,"column":6},"end":{"line":54,"column":7}},{"start":{},"end":{}}],"line":52},"3":{"loc":{"start":{"line":83,"column":6},"end":{"line":85,"column":7}},"type":"if","locations":[{"start":{"line":83,"column":6},"end":{"line":85,"column":7}},{"start":{},"end":{}}],"line":83}},"s":{"0":1,"1":1,"2":2,"3":2,"4":1,"5":1,"6":3,"7":3,"8":2,"9":1,"10":1,"11":1,"12":1,"13":3,"14":3,"15":1,"16":3,"17":2,"18":2,"19":1,"20":2,"21":2,"22":1,"23":2,"24":1,"25":1,"26":1,"27":2,"28":2,"29":1,"30":1,"31":3,"32":3,"33":1,"34":2,"35":1,"36":1,"37":1,"38":1},"f":{"0":2,"1":3,"2":3,"3":2,"4":2,"5":3},"b":{"0":[1,1],"1":[1,2],"2":[1,1],"3":[1,2]},"_coverageSchema":"1a1c01bbd47fc00a2c39e90264f33305004495a9","hash":"fbacc46c4cf224978525bfa67043715b8e13ca8d"}
,"D:\\Perkuliahan\\Folder TA\\Tugas Akhir\\test\\Backend\\controllers\\FooterController.js": {"path":"D:\\Perkuliahan\\Folder TA\\Tugas Akhir\\test\\Backend\\controllers\\FooterController.js","statementMap":{"0":{"start":{"line":1,"column":25},"end":{"line":1,"column":68}},"1":{"start":{"line":5,"column":4},"end":{"line":10,"column":5}},"2":{"start":{"line":6,"column":21},"end":{"line":6,"column":72}},"3":{"start":{"line":7,"column":6},"end":{"line":7,"column":23}},"4":{"start":{"line":9,"column":6},"end":{"line":9,"column":42}},"5":{"start":{"line":14,"column":4},"end":{"line":19,"column":5}},"6":{"start":{"line":15,"column":21},"end":{"line":15,"column":81}},"7":{"start":{"line":16,"column":6},"end":{"line":16,"column":23}},"8":{"start":{"line":18,"column":6},"end":{"line":18,"column":42}},"9":{"start":{"line":23,"column":0},"end":{"line":23,"column":34}}},"fnMap":{"0":{"name":"(anonymous_0)","decl":{"start":{"line":4,"column":2},"end":{"line":4,"column":3}},"loc":{"start":{"line":4,"column":39},"end":{"line":11,"column":3}},"line":4},"1":{"name":"(anonymous_1)","decl":{"start":{"line":13,"column":2},"end":{"line":13,"column":3}},"loc":{"start":{"line":13,"column":38},"end":{"line":20,"column":3}},"line":13}},"branchMap":{},"s":{"0":1,"1":2,"2":2,"3":1,"4":1,"5":2,"6":2,"7":1,"8":1,"9":1},"f":{"0":2,"1":2},"b":{},"_coverageSchema":"1a1c01bbd47fc00a2c39e90264f33305004495a9","hash":"33ad21dd4798a7845bd7a58f14ac799523eb5dd4"}
,"D:\\Perkuliahan\\Folder TA\\Tugas Akhir\\test\\Backend\\controllers\\JadwalDokterSpesialisasiController.js": {"path":"D:\\Perkuliahan\\Folder TA\\Tugas Akhir\\test\\Backend\\controllers\\JadwalDokterSpesialisasiController.js","statementMap":{"0":{"start":{"line":1,"column":43},"end":{"line":1,"column":104}},"1":{"start":{"line":5,"column":4},"end":{"line":10,"column":5}},"2":{"start":{"line":6,"column":39},"end":{"line":6,"column":96}},"3":{"start":{"line":7,"column":6},"end":{"line":7,"column":41}},"4":{"start":{"line":9,"column":6},"end":{"line":9,"column":42}},"5":{"start":{"line":14,"column":4},"end":{"line":19,"column":5}},"6":{"start":{"line":15,"column":39},"end":{"line":15,"column":126}},"7":{"start":{"line":16,"column":6},"end":{"line":16,"column":41}},"8":{"start":{"line":18,"column":6},"end":{"line":18,"column":42}},"9":{"start":{"line":23,"column":4},"end":{"line":31,"column":5}},"10":{"start":{"line":24,"column":39},"end":{"line":24,"column":96}},"11":{"start":{"line":25,"column":6},"end":{"line":28,"column":9}},"12":{"start":{"line":30,"column":6},"end":{"line":30,"column":42}},"13":{"start":{"line":35,"column":4},"end":{"line":43,"column":5}},"14":{"start":{"line":36,"column":39},"end":{"line":36,"column":111}},"15":{"start":{"line":37,"column":6},"end":{"line":40,"column":9}},"16":{"start":{"line":42,"column":6},"end":{"line":42,"column":42}},"17":{"start":{"line":47,"column":4},"end":{"line":55,"column":5}},"18":{"start":{"line":48,"column":39},"end":{"line":48,"column":101}},"19":{"start":{"line":49,"column":6},"end":{"line":52,"column":9}},"20":{"start":{"line":54,"column":6},"end":{"line":54,"column":42}},"21":{"start":{"line":59,"column":0},"end":{"line":59,"column":52}}},"fnMap":{"0":{"name":"(anonymous_0)","decl":{"start":{"line":4,"column":2},"end":{"line":4,"column":3}},"loc":{"start":{"line":4,"column":32},"end":{"line":11,"column":3}},"line":4},"1":{"name":"(anonymous_1)","decl":{"start":{"line":13,"column":2},"end":{"line":13,"column":3}},"loc":{"start":{"line":13,"column":57},"end":{"line":20,"column":3}},"line":13},"2":{"name":"(anonymous_2)","decl":{"start":{"line":22,"column":2},"end":{"line":22,"column":3}},"loc":{"start":{"line":22,"column":56},"end":{"line":32,"column":3}},"line":22},"3":{"name":"(anonymous_3)","decl":{"start":{"line":34,"column":2},"end":{"line":34,"column":3}},"loc":{"start":{"line":34,"column":56},"end":{"line":44,"column":3}},"line":34},"4":{"name":"(anonymous_4)","decl":{"start":{"line":46,"column":2},"end":{"line":46,"column":3}},"loc":{"start":{"line":46,"column":56},"end":{"line":56,"column":3}},"line":46}},"branchMap":{},"s":{"0":1,"1":2,"2":2,"3":1,"4":1,"5":2,"6":2,"7":1,"8":1,"9":2,"10":2,"11":1,"12":1,"13":2,"14":2,"15":1,"16":1,"17":2,"18":2,"19":1,"20":1,"21":1},"f":{"0":2,"1":2,"2":2,"3":2,"4":2},"b":{},"_coverageSchema":"1a1c01bbd47fc00a2c39e90264f33305004495a9","hash":"f988c11f6eb7601a6b695d8de3f77a0a75e1ba6d"}
,"D:\\Perkuliahan\\Folder TA\\Tugas Akhir\\test\\Backend\\controllers\\JadwalDokterUmumController.js": {"path":"D:\\Perkuliahan\\Folder TA\\Tugas Akhir\\test\\Backend\\controllers\\JadwalDokterUmumController.js","statementMap":{"0":{"start":{"line":1,"column":35},"end":{"line":1,"column":88}},"1":{"start":{"line":5,"column":4},"end":{"line":10,"column":5}},"2":{"start":{"line":6,"column":31},"end":{"line":6,"column":80}},"3":{"start":{"line":7,"column":6},"end":{"line":7,"column":33}},"4":{"start":{"line":9,"column":6},"end":{"line":9,"column":42}},"5":{"start":{"line":14,"column":4},"end":{"line":22,"column":5}},"6":{"start":{"line":15,"column":31},"end":{"line":15,"column":102}},"7":{"start":{"line":16,"column":6},"end":{"line":18,"column":7}},"8":{"start":{"line":17,"column":8},"end":{"line":17,"column":80}},"9":{"start":{"line":19,"column":6},"end":{"line":19,"column":33}},"10":{"start":{"line":21,"column":6},"end":{"line":21,"column":42}},"11":{"start":{"line":26,"column":4},"end":{"line":37,"column":5}},"12":{"start":{"line":27,"column":31},"end":{"line":27,"column":80}},"13":{"start":{"line":28,"column":6},"end":{"line":30,"column":5}},"14":{"start":{"line":29,"column":6},"end":{"line":29,"column":78}},"15":{"start":{"line":31,"column":6},"end":{"line":34,"column":9}},"16":{"start":{"line":36,"column":6},"end":{"line":36,"column":42}},"17":{"start":{"line":41,"column":4},"end":{"line":52,"column":5}},"18":{"start":{"line":42,"column":31},"end":{"line":42,"column":95}},"19":{"start":{"line":43,"column":8},"end":{"line":45,"column":5}},"20":{"start":{"line":44,"column":6},"end":{"line":44,"column":78}},"21":{"start":{"line":46,"column":6},"end":{"line":49,"column":9}},"22":{"start":{"line":51,"column":6},"end":{"line":51,"column":42}},"23":{"start":{"line":56,"column":4},"end":{"line":67,"column":5}},"24":{"start":{"line":57,"column":31},"end":{"line":57,"column":85}},"25":{"start":{"line":58,"column":8},"end":{"line":60,"column":5}},"26":{"start":{"line":59,"column":6},"end":{"line":59,"column":78}},"27":{"start":{"line":61,"column":6},"end":{"line":64,"column":9}},"28":{"start":{"line":66,"column":6},"end":{"line":66,"column":42}},"29":{"start":{"line":71,"column":0},"end":{"line":71,"column":44}}},"fnMap":{"0":{"name":"(anonymous_0)","decl":{"start":{"line":4,"column":2},"end":{"line":4,"column":3}},"loc":{"start":{"line":4,"column":32},"end":{"line":11,"column":3}},"line":4},"1":{"name":"(anonymous_1)","decl":{"start":{"line":13,"column":2},"end":{"line":13,"column":3}},"loc":{"start":{"line":13,"column":49},"end":{"line":23,"column":3}},"line":13},"2":{"name":"(anonymous_2)","decl":{"start":{"line":25,"column":2},"end":{"line":25,"column":3}},"loc":{"start":{"line":25,"column":48},"end":{"line":38,"column":3}},"line":25},"3":{"name":"(anonymous_3)","decl":{"start":{"line":40,"column":2},"end":{"line":40,"column":3}},"loc":{"start":{"line":40,"column":48},"end":{"line":53,"column":3}},"line":40},"4":{"name":"(anonymous_4)","decl":{"start":{"line":55,"column":2},"end":{"line":55,"column":3}},"loc":{"start":{"line":55,"column":48},"end":{"line":68,"column":3}},"line":55}},"branchMap":{"0":{"loc":{"start":{"line":16,"column":6},"end":{"line":18,"column":7}},"type":"if","locations":[{"start":{"line":16,"column":6},"end":{"line":18,"column":7}},{"start":{},"end":{}}],"line":16},"1":{"loc":{"start":{"line":28,"column":6},"end":{"line":30,"column":5}},"type":"if","locations":[{"start":{"line":28,"column":6},"end":{"line":30,"column":5}},{"start":{},"end":{}}],"line":28},"2":{"loc":{"start":{"line":43,"column":8},"end":{"line":45,"column":5}},"type":"if","locations":[{"start":{"line":43,"column":8},"end":{"line":45,"column":5}},{"start":{},"end":{}}],"line":43},"3":{"loc":{"start":{"line":58,"column":8},"end":{"line":60,"column":5}},"type":"if","locations":[{"start":{"line":58,"column":8},"end":{"line":60,"column":5}},{"start":{},"end":{}}],"line":58}},"s":{"0":1,"1":2,"2":2,"3":1,"4":1,"5":3,"6":3,"7":2,"8":1,"9":1,"10":1,"11":3,"12":3,"13":2,"14":1,"15":1,"16":1,"17":3,"18":3,"19":2,"20":1,"21":1,"22":1,"23":3,"24":3,"25":2,"26":1,"27":1,"28":1,"29":1},"f":{"0":2,"1":3,"2":3,"3":3,"4":3},"b":{"0":[1,1],"1":[1,1],"2":[1,1],"3":[1,1]},"_coverageSchema":"1a1c01bbd47fc00a2c39e90264f33305004495a9","hash":"a96c86fd9dade11d262897295c333e133934c294"}
,"D:\\Perkuliahan\\Folder TA\\Tugas Akhir\\test\\Backend\\controllers\\PatientController.js": {"path":"D:\\Perkuliahan\\Folder TA\\Tugas Akhir\\test\\Backend\\controllers\\PatientController.js","statementMap":{"0":{"start":{"line":1,"column":26},"end":{"line":1,"column":70}},"1":{"start":{"line":2,"column":23},"end":{"line":2,"column":52}},"2":{"start":{"line":6,"column":4},"end":{"line":11,"column":5}},"3":{"start":{"line":7,"column":23},"end":{"line":7,"column":63}},"4":{"start":{"line":8,"column":6},"end":{"line":8,"column":25}},"5":{"start":{"line":10,"column":6},"end":{"line":10,"column":42}},"6":{"start":{"line":15,"column":4},"end":{"line":28,"column":5}},"7":{"start":{"line":16,"column":22},"end":{"line":16,"column":75}},"8":{"start":{"line":17,"column":6},"end":{"line":25,"column":7}},"9":{"start":{"line":18,"column":23},"end":{"line":21,"column":9}},"10":{"start":{"line":22,"column":8},"end":{"line":22,"column":25}},"11":{"start":{"line":24,"column":8},"end":{"line":24,"column":63}},"12":{"start":{"line":27,"column":6},"end":{"line":27,"column":42}},"13":{"start":{"line":32,"column":4},"end":{"line":46,"column":5}},"14":{"start":{"line":33,"column":6},"end":{"line":35,"column":7}},"15":{"start":{"line":34,"column":8},"end":{"line":34,"column":69}},"16":{"start":{"line":36,"column":22},"end":{"line":38,"column":8}},"17":{"start":{"line":39,"column":21},"end":{"line":42,"column":7}},"18":{"start":{"line":43,"column":6},"end":{"line":43,"column":23}},"19":{"start":{"line":45,"column":6},"end":{"line":45,"column":42}},"20":{"start":{"line":50,"column":0},"end":{"line":50,"column":35}}},"fnMap":{"0":{"name":"(anonymous_0)","decl":{"start":{"line":5,"column":2},"end":{"line":5,"column":3}},"loc":{"start":{"line":5,"column":32},"end":{"line":12,"column":3}},"line":5},"1":{"name":"(anonymous_1)","decl":{"start":{"line":14,"column":2},"end":{"line":14,"column":3}},"loc":{"start":{"line":14,"column":40},"end":{"line":29,"column":3}},"line":14},"2":{"name":"(anonymous_2)","decl":{"start":{"line":31,"column":2},"end":{"line":31,"column":3}},"loc":{"start":{"line":31,"column":36},"end":{"line":47,"column":3}},"line":31}},"branchMap":{"0":{"loc":{"start":{"line":17,"column":6},"end":{"line":25,"column":7}},"type":"if","locations":[{"start":{"line":17,"column":6},"end":{"line":25,"column":7}},{"start":{"line":23,"column":13},"end":{"line":25,"column":7}}],"line":17},"1":{"loc":{"start":{"line":33,"column":6},"end":{"line":35,"column":7}},"type":"if","locations":[{"start":{"line":33,"column":6},"end":{"line":35,"column":7}},{"start":{},"end":{}}],"line":33}},"s":{"0":1,"1":1,"2":2,"3":2,"4":1,"5":1,"6":3,"7":3,"8":2,"9":1,"10":1,"11":1,"12":1,"13":3,"14":3,"15":1,"16":2,"17":1,"18":1,"19":1,"20":1},"f":{"0":2,"1":3,"2":3},"b":{"0":[1,1],"1":[1,2]},"_coverageSchema":"1a1c01bbd47fc00a2c39e90264f33305004495a9","hash":"6e1b924f48dd04abf157715a05e9ecc6db14d062"}
,"D:\\Perkuliahan\\Folder TA\\Tugas Akhir\\test\\Backend\\controllers\\ReservasiController.js": {"path":"D:\\Perkuliahan\\Folder TA\\Tugas Akhir\\test\\Backend\\controllers\\ReservasiController.js","statementMap":{"0":{"start":{"line":1,"column":17},"end":{"line":1,"column":46}},"1":{"start":{"line":2,"column":28},"end":{"line":2,"column":74}},"2":{"start":{"line":3,"column":26},"end":{"line":3,"column":70}},"3":{"start":{"line":7,"column":4},"end":{"line":12,"column":5}},"4":{"start":{"line":8,"column":24},"end":{"line":8,"column":61}},"5":{"start":{"line":9,"column":6},"end":{"line":9,"column":38}},"6":{"start":{"line":11,"column":6},"end":{"line":11,"column":53}},"7":{"start":{"line":15,"column":4},"end":{"line":24,"column":5}},"8":{"start":{"line":16,"column":21},"end":{"line":16,"column":31}},"9":{"start":{"line":17,"column":24},"end":{"line":17,"column":70}},"10":{"start":{"line":18,"column":6},"end":{"line":20,"column":7}},"11":{"start":{"line":19,"column":8},"end":{"line":19,"column":72}},"12":{"start":{"line":21,"column":6},"end":{"line":21,"column":38}},"13":{"start":{"line":23,"column":6},"end":{"line":23,"column":53}},"14":{"start":{"line":27,"column":4},"end":{"line":61,"column":5}},"15":{"start":{"line":28,"column":21},"end":{"line":28,"column":31}},"16":{"start":{"line":29,"column":29},"end":{"line":29,"column":31}},"17":{"start":{"line":30,"column":93},"end":{"line":30,"column":101}},"18":{"start":{"line":32,"column":24},"end":{"line":42,"column":8}},"19":{"start":{"line":44,"column":27},"end":{"line":44,"column":98}},"20":{"start":{"line":45,"column":22},"end":{"line":53,"column":8}},"21":{"start":{"line":54,"column":6},"end":{"line":58,"column":9}},"22":{"start":{"line":60,"column":6},"end":{"line":60,"column":53}},"23":{"start":{"line":65,"column":4},"end":{"line":97,"column":5}},"24":{"start":{"line":66,"column":109},"end":{"line":66,"column":117}},"25":{"start":{"line":68,"column":24},"end":{"line":78,"column":8}},"26":{"start":{"line":80,"column":27},"end":{"line":80,"column":98}},"27":{"start":{"line":81,"column":22},"end":{"line":89,"column":8}},"28":{"start":{"line":90,"column":6},"end":{"line":94,"column":9}},"29":{"start":{"line":96,"column":6},"end":{"line":96,"column":53}},"30":{"start":{"line":101,"column":4},"end":{"line":113,"column":5}},"31":{"start":{"line":102,"column":21},"end":{"line":102,"column":31}},"32":{"start":{"line":103,"column":24},"end":{"line":103,"column":79}},"33":{"start":{"line":104,"column":6},"end":{"line":106,"column":7}},"34":{"start":{"line":105,"column":8},"end":{"line":105,"column":72}},"35":{"start":{"line":107,"column":6},"end":{"line":110,"column":9}},"36":{"start":{"line":112,"column":6},"end":{"line":112,"column":53}},"37":{"start":{"line":116,"column":4},"end":{"line":128,"column":5}},"38":{"start":{"line":117,"column":21},"end":{"line":117,"column":31}},"39":{"start":{"line":118,"column":24},"end":{"line":118,"column":69}},"40":{"start":{"line":119,"column":6},"end":{"line":121,"column":7}},"41":{"start":{"line":120,"column":8},"end":{"line":120,"column":72}},"42":{"start":{"line":122,"column":6},"end":{"line":125,"column":10}},"43":{"start":{"line":127,"column":6},"end":{"line":127,"column":53}},"44":{"start":{"line":132,"column":0},"end":{"line":132,"column":37}}},"fnMap":{"0":{"name":"(anonymous_0)","decl":{"start":{"line":6,"column":2},"end":{"line":6,"column":3}},"loc":{"start":{"line":6,"column":41},"end":{"line":13,"column":3}},"line":6},"1":{"name":"(anonymous_1)","decl":{"start":{"line":14,"column":2},"end":{"line":14,"column":3}},"loc":{"start":{"line":14,"column":42},"end":{"line":25,"column":3}},"line":14},"2":{"name":"(anonymous_2)","decl":{"start":{"line":26,"column":2},"end":{"line":26,"column":3}},"loc":{"start":{"line":26,"column":43},"end":{"line":62,"column":3}},"line":26},"3":{"name":"(anonymous_3)","decl":{"start":{"line":64,"column":2},"end":{"line":64,"column":3}},"loc":{"start":{"line":64,"column":41},"end":{"line":98,"column":3}},"line":64},"4":{"name":"(anonymous_4)","decl":{"start":{"line":100,"column":2},"end":{"line":100,"column":3}},"loc":{"start":{"line":100,"column":41},"end":{"line":114,"column":3}},"line":100},"5":{"name":"(anonymous_5)","decl":{"start":{"line":115,"column":2},"end":{"line":115,"column":3}},"loc":{"start":{"line":115,"column":41},"end":{"line":129,"column":3}},"line":115}},"branchMap":{"0":{"loc":{"start":{"line":18,"column":6},"end":{"line":20,"column":7}},"type":"if","locations":[{"start":{"line":18,"column":6},"end":{"line":20,"column":7}},{"start":{},"end":{}}],"line":18},"1":{"loc":{"start":{"line":104,"column":6},"end":{"line":106,"column":7}},"type":"if","locations":[{"start":{"line":104,"column":6},"end":{"line":106,"column":7}},{"start":{},"end":{}}],"line":104},"2":{"loc":{"start":{"line":119,"column":6},"end":{"line":121,"column":7}},"type":"if","locations":[{"start":{"line":119,"column":6},"end":{"line":121,"column":7}},{"start":{},"end":{}}],"line":119}},"s":{"0":1,"1":1,"2":1,"3":2,"4":2,"5":1,"6":1,"7":3,"8":3,"9":3,"10":2,"11":1,"12":1,"13":1,"14":2,"15":2,"16":2,"17":2,"18":2,"19":1,"20":1,"21":1,"22":1,"23":2,"24":2,"25":2,"26":1,"27":1,"28":1,"29":1,"30":3,"31":3,"32":3,"33":2,"34":1,"35":1,"36":1,"37":3,"38":3,"39":3,"40":2,"41":1,"42":1,"43":1,"44":1},"f":{"0":2,"1":3,"2":2,"3":2,"4":3,"5":3},"b":{"0":[1,1],"1":[1,1],"2":[1,1]},"_coverageSchema":"1a1c01bbd47fc00a2c39e90264f33305004495a9","hash":"b80a655b631250f21cf100a4bd21d5d0b45b725f"}
,"D:\\Perkuliahan\\Folder TA\\Tugas Akhir\\test\\Backend\\controllers\\RiwayatController.js": {"path":"D:\\Perkuliahan\\Folder TA\\Tugas Akhir\\test\\Backend\\controllers\\RiwayatController.js","statementMap":{"0":{"start":{"line":1,"column":26},"end":{"line":1,"column":70}},"1":{"start":{"line":5,"column":4},"end":{"line":10,"column":5}},"2":{"start":{"line":6,"column":22},"end":{"line":6,"column":57}},"3":{"start":{"line":7,"column":6},"end":{"line":7,"column":36}},"4":{"start":{"line":9,"column":6},"end":{"line":9,"column":53}},"5":{"start":{"line":14,"column":4},"end":{"line":20,"column":5}},"6":{"start":{"line":15,"column":21},"end":{"line":15,"column":31}},"7":{"start":{"line":16,"column":6},"end":{"line":16,"column":41}},"8":{"start":{"line":17,"column":6},"end":{"line":17,"column":64}},"9":{"start":{"line":19,"column":6},"end":{"line":19,"column":53}},"10":{"start":{"line":24,"column":4},"end":{"line":30,"column":5}},"11":{"start":{"line":25,"column":21},"end":{"line":25,"column":31}},"12":{"start":{"line":26,"column":22},"end":{"line":26,"column":60}},"13":{"start":{"line":27,"column":6},"end":{"line":27,"column":36}},"14":{"start":{"line":29,"column":6},"end":{"line":29,"column":53}},"15":{"start":{"line":34,"column":4},"end":{"line":40,"column":5}},"16":{"start":{"line":35,"column":21},"end":{"line":35,"column":31}},"17":{"start":{"line":36,"column":22},"end":{"line":36,"column":64}},"18":{"start":{"line":37,"column":6},"end":{"line":37,"column":36}},"19":{"start":{"line":39,"column":6},"end":{"line":39,"column":53}},"20":{"start":{"line":44,"column":0},"end":{"line":44,"column":35}}},"fnMap":{"0":{"name":"(anonymous_0)","decl":{"start":{"line":4,"column":2},"end":{"line":4,"column":3}},"loc":{"start":{"line":4,"column":32},"end":{"line":11,"column":3}},"line":4},"1":{"name":"(anonymous_1)","decl":{"start":{"line":13,"column":2},"end":{"line":13,"column":3}},"loc":{"start":{"line":13,"column":32},"end":{"line":21,"column":3}},"line":13},"2":{"name":"(anonymous_2)","decl":{"start":{"line":23,"column":2},"end":{"line":23,"column":3}},"loc":{"start":{"line":23,"column":36},"end":{"line":31,"column":3}},"line":23},"3":{"name":"(anonymous_3)","decl":{"start":{"line":33,"column":2},"end":{"line":33,"column":3}},"loc":{"start":{"line":33,"column":40},"end":{"line":41,"column":3}},"line":33}},"branchMap":{},"s":{"0":1,"1":2,"2":2,"3":1,"4":1,"5":2,"6":2,"7":2,"8":1,"9":1,"10":2,"11":2,"12":2,"13":1,"14":1,"15":2,"16":2,"17":2,"18":1,"19":1,"20":1},"f":{"0":2,"1":2,"2":2,"3":2},"b":{},"_coverageSchema":"1a1c01bbd47fc00a2c39e90264f33305004495a9","hash":"98b0a74b0343dde051b50c478bbf96375d030a30"}
,"D:\\Perkuliahan\\Folder TA\\Tugas Akhir\\test\\Backend\\controllers\\SpesialisasiController.js": {"path":"D:\\Perkuliahan\\Folder TA\\Tugas Akhir\\test\\Backend\\controllers\\SpesialisasiController.js","statementMap":{"0":{"start":{"line":1,"column":31},"end":{"line":1,"column":80}},"1":{"start":{"line":2,"column":23},"end":{"line":2,"column":52}},"2":{"start":{"line":3,"column":17},"end":{"line":3,"column":51}},"3":{"start":{"line":7,"column":4},"end":{"line":18,"column":5}},"4":{"start":{"line":8,"column":27},"end":{"line":8,"column":72}},"5":{"start":{"line":10,"column":6},"end":{"line":13,"column":10}},"6":{"start":{"line":10,"column":57},"end":{"line":13,"column":7}},"7":{"start":{"line":15,"column":6},"end":{"line":15,"column":29}},"8":{"start":{"line":17,"column":6},"end":{"line":17,"column":42}},"9":{"start":{"line":22,"column":4},"end":{"line":37,"column":5}},"10":{"start":{"line":23,"column":27},"end":{"line":23,"column":90}},"11":{"start":{"line":24,"column":6},"end":{"line":34,"column":7}},"12":{"start":{"line":25,"column":23},"end":{"line":28,"column":9}},"13":{"start":{"line":29,"column":8},"end":{"line":29,"column":25}},"14":{"start":{"line":31,"column":8},"end":{"line":33,"column":11}},"15":{"start":{"line":36,"column":6},"end":{"line":36,"column":42}},"16":{"start":{"line":41,"column":4},"end":{"line":56,"column":5}},"17":{"start":{"line":42,"column":6},"end":{"line":44,"column":7}},"18":{"start":{"line":43,"column":8},"end":{"line":43,"column":42}},"19":{"start":{"line":45,"column":27},"end":{"line":45,"column":84}},"20":{"start":{"line":46,"column":21},"end":{"line":49,"column":7}},"21":{"start":{"line":50,"column":6},"end":{"line":53,"column":9}},"22":{"start":{"line":55,"column":6},"end":{"line":55,"column":42}},"23":{"start":{"line":60,"column":4},"end":{"line":74,"column":5}},"24":{"start":{"line":61,"column":6},"end":{"line":63,"column":7}},"25":{"start":{"line":62,"column":8},"end":{"line":62,"column":69}},"26":{"start":{"line":64,"column":22},"end":{"line":66,"column":8}},"27":{"start":{"line":67,"column":21},"end":{"line":70,"column":7}},"28":{"start":{"line":71,"column":6},"end":{"line":71,"column":23}},"29":{"start":{"line":73,"column":6},"end":{"line":73,"column":42}},"30":{"start":{"line":78,"column":4},"end":{"line":94,"column":5}},"31":{"start":{"line":79,"column":6},"end":{"line":79,"column":27}},"32":{"start":{"line":80,"column":6},"end":{"line":82,"column":7}},"33":{"start":{"line":81,"column":8},"end":{"line":81,"column":42}},"34":{"start":{"line":83,"column":22},"end":{"line":83,"column":94}},"35":{"start":{"line":84,"column":21},"end":{"line":87,"column":7}},"36":{"start":{"line":88,"column":6},"end":{"line":91,"column":9}},"37":{"start":{"line":93,"column":6},"end":{"line":93,"column":42}},"38":{"start":{"line":98,"column":4},"end":{"line":106,"column":5}},"39":{"start":{"line":99,"column":23},"end":{"line":99,"column":85}},"40":{"start":{"line":100,"column":6},"end":{"line":103,"column":7}},"41":{"start":{"line":105,"column":6},"end":{"line":105,"column":42}},"42":{"start":{"line":110,"column":0},"end":{"line":110,"column":40}}},"fnMap":{"0":{"name":"(anonymous_0)","decl":{"start":{"line":6,"column":2},"end":{"line":6,"column":3}},"loc":{"start":{"line":6,"column":32},"end":{"line":19,"column":3}},"line":6},"1":{"name":"(anonymous_1)","decl":{"start":{"line":10,"column":48},"end":{"line":10,"column":49}},"loc":{"start":{"line":10,"column":57},"end":{"line":13,"column":7}},"line":10},"2":{"name":"(anonymous_2)","decl":{"start":{"line":21,"column":2},"end":{"line":21,"column":3}},"loc":{"start":{"line":21,"column":45},"end":{"line":38,"column":3}},"line":21},"3":{"name":"(anonymous_3)","decl":{"start":{"line":40,"column":2},"end":{"line":40,"column":3}},"loc":{"start":{"line":40,"column":44},"end":{"line":57,"column":3}},"line":40},"4":{"name":"(anonymous_4)","decl":{"start":{"line":59,"column":2},"end":{"line":59,"column":3}},"loc":{"start":{"line":59,"column":36},"end":{"line":75,"column":3}},"line":59},"5":{"name":"(anonymous_5)","decl":{"start":{"line":77,"column":2},"end":{"line":77,"column":3}},"loc":{"start":{"line":77,"column":44},"end":{"line":95,"column":3}},"line":77},"6":{"name":"(anonymous_6)","decl":{"start":{"line":97,"column":2},"end":{"line":97,"column":3}},"loc":{"start":{"line":97,"column":44},"end":{"line":107,"column":3}},"line":97}},"branchMap":{"0":{"loc":{"start":{"line":24,"column":6},"end":{"line":34,"column":7}},"type":"if","locations":[{"start":{"line":24,"column":6},"end":{"line":34,"column":7}},{"start":{"line":30,"column":13},"end":{"line":34,"column":7}}],"line":24},"1":{"loc":{"start":{"line":42,"column":6},"end":{"line":44,"column":7}},"type":"if","locations":[{"start":{"line":42,"column":6},"end":{"line":44,"column":7}},{"start":{},"end":{}}],"line":42},"2":{"loc":{"start":{"line":61,"column":6},"end":{"line":63,"column":7}},"type":"if","locations":[{"start":{"line":61,"column":6},"end":{"line":63,"column":7}},{"start":{},"end":{}}],"line":61},"3":{"loc":{"start":{"line":80,"column":6},"end":{"line":82,"column":7}},"type":"if","locations":[{"start":{"line":80,"column":6},"end":{"line":82,"column":7}},{"start":{},"end":{}}],"line":80}},"s":{"0":1,"1":1,"2":1,"3":3,"4":3,"5":1,"6":1,"7":1,"8":2,"9":2,"10":2,"11":2,"12":1,"13":1,"14":1,"15":0,"16":2,"17":2,"18":1,"19":2,"20":1,"21":1,"22":1,"23":3,"24":3,"25":2,"26":1,"27":1,"28":1,"29":0,"30":3,"31":3,"32":3,"33":1,"34":3,"35":3,"36":3,"37":0,"38":2,"39":2,"40":1,"41":1,"42":1},"f":{"0":3,"1":1,"2":2,"3":2,"4":3,"5":3,"6":2},"b":{"0":[1,1],"1":[1,1],"2":[2,1],"3":[1,2]},"_coverageSchema":"1a1c01bbd47fc00a2c39e90264f33305004495a9","hash":"5d614b01877200075d8bdc39b44cd18cc7592ea2"}
}
