{"D:\\Perkuliahan\\Folder TA\\Backend\\controllers\\AdminController.js": {"path":"D:\\Perkuliahan\\Folder TA\\Backend\\controllers\\AdminController.js","statementMap":{"0":{"start":{"line":1,"column":24},"end":{"line":1,"column":66}},"1":{"start":{"line":5,"column":4},"end":{"line":10,"column":5}},"2":{"start":{"line":6,"column":21},"end":{"line":6,"column":64}},"3":{"start":{"line":7,"column":6},"end":{"line":7,"column":23}},"4":{"start":{"line":9,"column":6},"end":{"line":9,"column":42}},"5":{"start":{"line":14,"column":4},"end":{"line":19,"column":5}},"6":{"start":{"line":15,"column":20},"end":{"line":15,"column":69}},"7":{"start":{"line":16,"column":6},"end":{"line":16,"column":22}},"8":{"start":{"line":18,"column":6},"end":{"line":18,"column":42}},"9":{"start":{"line":23,"column":4},"end":{"line":28,"column":5}},"10":{"start":{"line":24,"column":20},"end":{"line":24,"column":63}},"11":{"start":{"line":25,"column":6},"end":{"line":25,"column":34}},"12":{"start":{"line":27,"column":6},"end":{"line":27,"column":42}},"13":{"start":{"line":32,"column":0},"end":{"line":32,"column":33}}},"fnMap":{"0":{"name":"(anonymous_0)","decl":{"start":{"line":4,"column":2},"end":{"line":4,"column":3}},"loc":{"start":{"line":4,"column":37},"end":{"line":11,"column":3}},"line":4},"1":{"name":"(anonymous_1)","decl":{"start":{"line":13,"column":2},"end":{"line":13,"column":3}},"loc":{"start":{"line":13,"column":38},"end":{"line":20,"column":3}},"line":13},"2":{"name":"(anonymous_2)","decl":{"start":{"line":22,"column":2},"end":{"line":22,"column":3}},"loc":{"start":{"line":22,"column":37},"end":{"line":29,"column":3}},"line":22}},"branchMap":{},"s":{"0":1,"1":2,"2":2,"3":1,"4":1,"5":2,"6":2,"7":1,"8":1,"9":2,"10":2,"11":1,"12":1,"13":1},"f":{"0":2,"1":2,"2":2},"b":{},"_coverageSchema":"1a1c01bbd47fc00a2c39e90264f33305004495a9","hash":"ffd273a51950dcb5ce6a7a7303bc8e2dd169e24a"}
,"D:\\Perkuliahan\\Folder TA\\Backend\\controllers\\AuthController.js": {"path":"D:\\Perkuliahan\\Folder TA\\Backend\\controllers\\AuthController.js","statementMap":{"0":{"start":{"line":1,"column":20},"end":{"line":1,"column":54}},"1":{"start":{"line":5,"column":35},"end":{"line":5,"column":43}},"2":{"start":{"line":6,"column":4},"end":{"line":11,"column":5}},"3":{"start":{"line":7,"column":30},"end":{"line":7,"column":77}},"4":{"start":{"line":8,"column":6},"end":{"line":8,"column":32}},"5":{"start":{"line":10,"column":6},"end":{"line":10,"column":55}},"6":{"start":{"line":15,"column":4},"end":{"line":20,"column":5}},"7":{"start":{"line":16,"column":19},"end":{"line":16,"column":55}},"8":{"start":{"line":17,"column":6},"end":{"line":17,"column":33}},"9":{"start":{"line":19,"column":6},"end":{"line":19,"column":55}},"10":{"start":{"line":24,"column":4},"end":{"line":29,"column":5}},"11":{"start":{"line":25,"column":19},"end":{"line":25,"column":60}},"12":{"start":{"line":26,"column":6},"end":{"line":26,"column":33}},"13":{"start":{"line":28,"column":6},"end":{"line":28,"column":55}},"14":{"start":{"line":32,"column":4},"end":{"line":38,"column":5}},"15":{"start":{"line":33,"column":37},"end":{"line":33,"column":45}},"16":{"start":{"line":34,"column":31},"end":{"line":34,"column":83}},"17":{"start":{"line":35,"column":6},"end":{"line":35,"column":33}},"18":{"start":{"line":37,"column":6},"end":{"line":37,"column":55}},"19":{"start":{"line":42,"column":0},"end":{"line":42,"column":32}}},"fnMap":{"0":{"name":"(anonymous_0)","decl":{"start":{"line":4,"column":2},"end":{"line":4,"column":3}},"loc":{"start":{"line":4,"column":31},"end":{"line":12,"column":3}},"line":4},"1":{"name":"(anonymous_1)","decl":{"start":{"line":14,"column":2},"end":{"line":14,"column":3}},"loc":{"start":{"line":14,"column":34},"end":{"line":21,"column":3}},"line":14},"2":{"name":"(anonymous_2)","decl":{"start":{"line":23,"column":2},"end":{"line":23,"column":3}},"loc":{"start":{"line":23,"column":39},"end":{"line":30,"column":3}},"line":23},"3":{"name":"(anonymous_3)","decl":{"start":{"line":31,"column":2},"end":{"line":31,"column":3}},"loc":{"start":{"line":31,"column":36},"end":{"line":39,"column":3}},"line":31}},"branchMap":{},"s":{"0":1,"1":2,"2":2,"3":2,"4":1,"5":1,"6":2,"7":2,"8":1,"9":1,"10":2,"11":2,"12":1,"13":1,"14":2,"15":2,"16":2,"17":1,"18":1,"19":1},"f":{"0":2,"1":2,"2":2,"3":2},"b":{},"_coverageSchema":"1a1c01bbd47fc00a2c39e90264f33305004495a9","hash":"afd0c3e562309b21d18a89b25e3c3bf99d0f585a"}
,"D:\\Perkuliahan\\Folder TA\\Backend\\controllers\\DoctorController.js": {"path":"D:\\Perkuliahan\\Folder TA\\Backend\\controllers\\DoctorController.js","statementMap":{"0":{"start":{"line":1,"column":25},"end":{"line":1,"column":68}},"1":{"start":{"line":2,"column":23},"end":{"line":2,"column":52}},"2":{"start":{"line":6,"column":4},"end":{"line":11,"column":5}},"3":{"start":{"line":7,"column":22},"end":{"line":7,"column":61}},"4":{"start":{"line":8,"column":6},"end":{"line":8,"column":24}},"5":{"start":{"line":10,"column":6},"end":{"line":10,"column":42}},"6":{"start":{"line":15,"column":4},"end":{"line":28,"column":5}},"7":{"start":{"line":16,"column":21},"end":{"line":16,"column":72}},"8":{"start":{"line":17,"column":6},"end":{"line":25,"column":7}},"9":{"start":{"line":18,"column":23},"end":{"line":21,"column":9}},"10":{"start":{"line":22,"column":8},"end":{"line":22,"column":25}},"11":{"start":{"line":24,"column":8},"end":{"line":24,"column":68}},"12":{"start":{"line":27,"column":6},"end":{"line":27,"column":42}},"13":{"start":{"line":32,"column":4},"end":{"line":44,"column":5}},"14":{"start":{"line":33,"column":6},"end":{"line":35,"column":7}},"15":{"start":{"line":34,"column":8},"end":{"line":34,"column":42}},"16":{"start":{"line":36,"column":21},"end":{"line":36,"column":66}},"17":{"start":{"line":37,"column":21},"end":{"line":40,"column":7}},"18":{"start":{"line":41,"column":6},"end":{"line":41,"column":35}},"19":{"start":{"line":43,"column":6},"end":{"line":43,"column":42}},"20":{"start":{"line":48,"column":4},"end":{"line":60,"column":5}},"21":{"start":{"line":49,"column":6},"end":{"line":51,"column":7}},"22":{"start":{"line":50,"column":8},"end":{"line":50,"column":42}},"23":{"start":{"line":52,"column":22},"end":{"line":52,"column":82}},"24":{"start":{"line":53,"column":21},"end":{"line":56,"column":7}},"25":{"start":{"line":57,"column":6},"end":{"line":57,"column":23}},"26":{"start":{"line":59,"column":6},"end":{"line":59,"column":42}},"27":{"start":{"line":64,"column":4},"end":{"line":69,"column":5}},"28":{"start":{"line":65,"column":23},"end":{"line":65,"column":73}},"29":{"start":{"line":66,"column":6},"end":{"line":66,"column":69}},"30":{"start":{"line":68,"column":6},"end":{"line":68,"column":42}},"31":{"start":{"line":73,"column":4},"end":{"line":87,"column":5}},"32":{"start":{"line":74,"column":6},"end":{"line":76,"column":7}},"33":{"start":{"line":75,"column":8},"end":{"line":75,"column":69}},"34":{"start":{"line":77,"column":22},"end":{"line":79,"column":8}},"35":{"start":{"line":80,"column":21},"end":{"line":83,"column":7}},"36":{"start":{"line":84,"column":6},"end":{"line":84,"column":23}},"37":{"start":{"line":86,"column":6},"end":{"line":86,"column":42}},"38":{"start":{"line":91,"column":0},"end":{"line":91,"column":35}}},"fnMap":{"0":{"name":"(anonymous_0)","decl":{"start":{"line":5,"column":2},"end":{"line":5,"column":3}},"loc":{"start":{"line":5,"column":32},"end":{"line":12,"column":3}},"line":5},"1":{"name":"(anonymous_1)","decl":{"start":{"line":14,"column":2},"end":{"line":14,"column":3}},"loc":{"start":{"line":14,"column":39},"end":{"line":29,"column":3}},"line":14},"2":{"name":"(anonymous_2)","decl":{"start":{"line":31,"column":2},"end":{"line":31,"column":3}},"loc":{"start":{"line":31,"column":38},"end":{"line":45,"column":3}},"line":31},"3":{"name":"(anonymous_3)","decl":{"start":{"line":47,"column":2},"end":{"line":47,"column":3}},"loc":{"start":{"line":47,"column":38},"end":{"line":61,"column":3}},"line":47},"4":{"name":"(anonymous_4)","decl":{"start":{"line":63,"column":2},"end":{"line":63,"column":3}},"loc":{"start":{"line":63,"column":38},"end":{"line":70,"column":3}},"line":63},"5":{"name":"(anonymous_5)","decl":{"start":{"line":72,"column":2},"end":{"line":72,"column":3}},"loc":{"start":{"line":72,"column":36},"end":{"line":88,"column":3}},"line":72}},"branchMap":{"0":{"loc":{"start":{"line":17,"column":6},"end":{"line":25,"column":7}},"type":"if","locations":[{"start":{"line":17,"column":6},"end":{"line":25,"column":7}},{"start":{"line":23,"column":13},"end":{"line":25,"column":7}}],"line":17},"1":{"loc":{"start":{"line":33,"column":6},"end":{"line":35,"column":7}},"type":"if","locations":[{"start":{"line":33,"column":6},"end":{"line":35,"column":7}},{"start":{},"end":{}}],"line":33},"2":{"loc":{"start":{"line":49,"column":6},"end":{"line":51,"column":7}},"type":"if","locations":[{"start":{"line":49,"column":6},"end":{"line":51,"column":7}},{"start":{},"end":{}}],"line":49},"3":{"loc":{"start":{"line":74,"column":6},"end":{"line":76,"column":7}},"type":"if","locations":[{"start":{"line":74,"column":6},"end":{"line":76,"column":7}},{"start":{},"end":{}}],"line":74}},"s":{"0":1,"1":1,"2":3,"3":3,"4":1,"5":2,"6":4,"7":4,"8":3,"9":1,"10":1,"11":2,"12":1,"13":3,"14":3,"15":2,"16":3,"17":2,"18":2,"19":1,"20":2,"21":2,"22":1,"23":2,"24":1,"25":1,"26":1,"27":2,"28":2,"29":1,"30":1,"31":3,"32":3,"33":1,"34":2,"35":1,"36":1,"37":1,"38":1},"f":{"0":3,"1":4,"2":3,"3":2,"4":2,"5":3},"b":{"0":[1,2],"1":[2,1],"2":[1,1],"3":[1,2]},"_coverageSchema":"1a1c01bbd47fc00a2c39e90264f33305004495a9","hash":"a9ada76f1cc1d0b78699e62c2311cad3ad030582"}
,"D:\\Perkuliahan\\Folder TA\\Backend\\controllers\\FooterController.js": {"path":"D:\\Perkuliahan\\Folder TA\\Backend\\controllers\\FooterController.js","statementMap":{"0":{"start":{"line":1,"column":25},"end":{"line":1,"column":68}},"1":{"start":{"line":5,"column":4},"end":{"line":10,"column":5}},"2":{"start":{"line":6,"column":21},"end":{"line":6,"column":72}},"3":{"start":{"line":7,"column":6},"end":{"line":7,"column":23}},"4":{"start":{"line":9,"column":6},"end":{"line":9,"column":42}},"5":{"start":{"line":14,"column":4},"end":{"line":19,"column":5}},"6":{"start":{"line":15,"column":21},"end":{"line":15,"column":81}},"7":{"start":{"line":16,"column":6},"end":{"line":16,"column":23}},"8":{"start":{"line":18,"column":6},"end":{"line":18,"column":42}},"9":{"start":{"line":23,"column":0},"end":{"line":23,"column":34}}},"fnMap":{"0":{"name":"(anonymous_0)","decl":{"start":{"line":4,"column":2},"end":{"line":4,"column":3}},"loc":{"start":{"line":4,"column":39},"end":{"line":11,"column":3}},"line":4},"1":{"name":"(anonymous_1)","decl":{"start":{"line":13,"column":2},"end":{"line":13,"column":3}},"loc":{"start":{"line":13,"column":38},"end":{"line":20,"column":3}},"line":13}},"branchMap":{},"s":{"0":1,"1":2,"2":2,"3":1,"4":1,"5":2,"6":2,"7":1,"8":1,"9":1},"f":{"0":2,"1":2},"b":{},"_coverageSchema":"1a1c01bbd47fc00a2c39e90264f33305004495a9","hash":"55e8b992dac0a9c24fb7f1a5110005a2f059b1a9"}
,"D:\\Perkuliahan\\Folder TA\\Backend\\controllers\\JadwalDokterSpesialisasiController.js": {"path":"D:\\Perkuliahan\\Folder TA\\Backend\\controllers\\JadwalDokterSpesialisasiController.js","statementMap":{"0":{"start":{"line":1,"column":43},"end":{"line":1,"column":104}},"1":{"start":{"line":5,"column":4},"end":{"line":10,"column":5}},"2":{"start":{"line":6,"column":39},"end":{"line":6,"column":96}},"3":{"start":{"line":7,"column":6},"end":{"line":7,"column":41}},"4":{"start":{"line":9,"column":6},"end":{"line":9,"column":96}},"5":{"start":{"line":14,"column":4},"end":{"line":22,"column":5}},"6":{"start":{"line":15,"column":39},"end":{"line":15,"column":126}},"7":{"start":{"line":16,"column":6},"end":{"line":18,"column":7}},"8":{"start":{"line":17,"column":8},"end":{"line":17,"column":80}},"9":{"start":{"line":19,"column":6},"end":{"line":19,"column":41}},"10":{"start":{"line":21,"column":6},"end":{"line":21,"column":96}},"11":{"start":{"line":26,"column":4},"end":{"line":34,"column":5}},"12":{"start":{"line":27,"column":6},"end":{"line":29,"column":7}},"13":{"start":{"line":28,"column":8},"end":{"line":28,"column":69}},"14":{"start":{"line":30,"column":39},"end":{"line":30,"column":96}},"15":{"start":{"line":31,"column":6},"end":{"line":31,"column":53}},"16":{"start":{"line":33,"column":6},"end":{"line":33,"column":96}},"17":{"start":{"line":38,"column":4},"end":{"line":46,"column":5}},"18":{"start":{"line":39,"column":39},"end":{"line":39,"column":111}},"19":{"start":{"line":40,"column":6},"end":{"line":42,"column":7}},"20":{"start":{"line":41,"column":8},"end":{"line":41,"column":80}},"21":{"start":{"line":43,"column":6},"end":{"line":43,"column":41}},"22":{"start":{"line":45,"column":6},"end":{"line":45,"column":96}},"23":{"start":{"line":50,"column":4},"end":{"line":58,"column":5}},"24":{"start":{"line":51,"column":39},"end":{"line":51,"column":101}},"25":{"start":{"line":52,"column":6},"end":{"line":54,"column":7}},"26":{"start":{"line":53,"column":8},"end":{"line":53,"column":80}},"27":{"start":{"line":55,"column":6},"end":{"line":55,"column":52}},"28":{"start":{"line":57,"column":6},"end":{"line":57,"column":96}},"29":{"start":{"line":62,"column":0},"end":{"line":62,"column":52}}},"fnMap":{"0":{"name":"(anonymous_0)","decl":{"start":{"line":4,"column":2},"end":{"line":4,"column":3}},"loc":{"start":{"line":4,"column":32},"end":{"line":11,"column":3}},"line":4},"1":{"name":"(anonymous_1)","decl":{"start":{"line":13,"column":2},"end":{"line":13,"column":3}},"loc":{"start":{"line":13,"column":57},"end":{"line":23,"column":3}},"line":13},"2":{"name":"(anonymous_2)","decl":{"start":{"line":25,"column":2},"end":{"line":25,"column":3}},"loc":{"start":{"line":25,"column":56},"end":{"line":35,"column":3}},"line":25},"3":{"name":"(anonymous_3)","decl":{"start":{"line":37,"column":2},"end":{"line":37,"column":3}},"loc":{"start":{"line":37,"column":56},"end":{"line":47,"column":3}},"line":37},"4":{"name":"(anonymous_4)","decl":{"start":{"line":49,"column":2},"end":{"line":49,"column":3}},"loc":{"start":{"line":49,"column":56},"end":{"line":59,"column":3}},"line":49}},"branchMap":{"0":{"loc":{"start":{"line":16,"column":6},"end":{"line":18,"column":7}},"type":"if","locations":[{"start":{"line":16,"column":6},"end":{"line":18,"column":7}},{"start":{},"end":{}}],"line":16},"1":{"loc":{"start":{"line":27,"column":6},"end":{"line":29,"column":7}},"type":"if","locations":[{"start":{"line":27,"column":6},"end":{"line":29,"column":7}},{"start":{},"end":{}}],"line":27},"2":{"loc":{"start":{"line":40,"column":6},"end":{"line":42,"column":7}},"type":"if","locations":[{"start":{"line":40,"column":6},"end":{"line":42,"column":7}},{"start":{},"end":{}}],"line":40},"3":{"loc":{"start":{"line":52,"column":6},"end":{"line":54,"column":7}},"type":"if","locations":[{"start":{"line":52,"column":6},"end":{"line":54,"column":7}},{"start":{},"end":{}}],"line":52}},"s":{"0":1,"1":2,"2":2,"3":1,"4":1,"5":3,"6":3,"7":2,"8":1,"9":1,"10":1,"11":3,"12":3,"13":1,"14":2,"15":1,"16":1,"17":3,"18":3,"19":2,"20":1,"21":1,"22":1,"23":3,"24":3,"25":2,"26":1,"27":1,"28":1,"29":1},"f":{"0":2,"1":3,"2":3,"3":3,"4":3},"b":{"0":[1,1],"1":[1,2],"2":[1,1],"3":[1,1]},"_coverageSchema":"1a1c01bbd47fc00a2c39e90264f33305004495a9","hash":"1bb177757f8da683bcddc556d9cdfac4386e26fb"}
,"D:\\Perkuliahan\\Folder TA\\Backend\\controllers\\JadwalDokterUmumController.js": {"path":"D:\\Perkuliahan\\Folder TA\\Backend\\controllers\\JadwalDokterUmumController.js","statementMap":{"0":{"start":{"line":1,"column":35},"end":{"line":1,"column":88}},"1":{"start":{"line":5,"column":4},"end":{"line":10,"column":5}},"2":{"start":{"line":6,"column":31},"end":{"line":6,"column":80}},"3":{"start":{"line":7,"column":6},"end":{"line":7,"column":33}},"4":{"start":{"line":9,"column":6},"end":{"line":9,"column":42}},"5":{"start":{"line":14,"column":4},"end":{"line":19,"column":5}},"6":{"start":{"line":15,"column":31},"end":{"line":15,"column":102}},"7":{"start":{"line":16,"column":6},"end":{"line":16,"column":33}},"8":{"start":{"line":18,"column":6},"end":{"line":18,"column":42}},"9":{"start":{"line":23,"column":4},"end":{"line":28,"column":5}},"10":{"start":{"line":24,"column":31},"end":{"line":24,"column":80}},"11":{"start":{"line":25,"column":6},"end":{"line":25,"column":45}},"12":{"start":{"line":27,"column":6},"end":{"line":27,"column":42}},"13":{"start":{"line":32,"column":4},"end":{"line":37,"column":5}},"14":{"start":{"line":33,"column":31},"end":{"line":33,"column":95}},"15":{"start":{"line":34,"column":6},"end":{"line":34,"column":33}},"16":{"start":{"line":36,"column":6},"end":{"line":36,"column":42}},"17":{"start":{"line":41,"column":4},"end":{"line":46,"column":5}},"18":{"start":{"line":42,"column":31},"end":{"line":42,"column":85}},"19":{"start":{"line":43,"column":6},"end":{"line":43,"column":33}},"20":{"start":{"line":45,"column":6},"end":{"line":45,"column":42}},"21":{"start":{"line":50,"column":0},"end":{"line":50,"column":44}}},"fnMap":{"0":{"name":"(anonymous_0)","decl":{"start":{"line":4,"column":2},"end":{"line":4,"column":3}},"loc":{"start":{"line":4,"column":32},"end":{"line":11,"column":3}},"line":4},"1":{"name":"(anonymous_1)","decl":{"start":{"line":13,"column":2},"end":{"line":13,"column":3}},"loc":{"start":{"line":13,"column":49},"end":{"line":20,"column":3}},"line":13},"2":{"name":"(anonymous_2)","decl":{"start":{"line":22,"column":2},"end":{"line":22,"column":3}},"loc":{"start":{"line":22,"column":48},"end":{"line":29,"column":3}},"line":22},"3":{"name":"(anonymous_3)","decl":{"start":{"line":31,"column":2},"end":{"line":31,"column":3}},"loc":{"start":{"line":31,"column":48},"end":{"line":38,"column":3}},"line":31},"4":{"name":"(anonymous_4)","decl":{"start":{"line":40,"column":2},"end":{"line":40,"column":3}},"loc":{"start":{"line":40,"column":48},"end":{"line":47,"column":3}},"line":40}},"branchMap":{},"s":{"0":1,"1":2,"2":2,"3":1,"4":1,"5":2,"6":2,"7":1,"8":1,"9":2,"10":2,"11":1,"12":1,"13":2,"14":2,"15":1,"16":1,"17":2,"18":2,"19":1,"20":1,"21":1},"f":{"0":2,"1":2,"2":2,"3":2,"4":2},"b":{},"_coverageSchema":"1a1c01bbd47fc00a2c39e90264f33305004495a9","hash":"3ee1f1db44f10a252b1708d8bfd93dfacbf01acb"}
,"D:\\Perkuliahan\\Folder TA\\Backend\\controllers\\PatientController.js": {"path":"D:\\Perkuliahan\\Folder TA\\Backend\\controllers\\PatientController.js","statementMap":{"0":{"start":{"line":1,"column":26},"end":{"line":1,"column":70}},"1":{"start":{"line":2,"column":23},"end":{"line":2,"column":52}},"2":{"start":{"line":6,"column":4},"end":{"line":11,"column":5}},"3":{"start":{"line":7,"column":23},"end":{"line":7,"column":63}},"4":{"start":{"line":8,"column":6},"end":{"line":8,"column":25}},"5":{"start":{"line":10,"column":6},"end":{"line":10,"column":42}},"6":{"start":{"line":15,"column":4},"end":{"line":28,"column":5}},"7":{"start":{"line":16,"column":22},"end":{"line":16,"column":75}},"8":{"start":{"line":17,"column":6},"end":{"line":25,"column":7}},"9":{"start":{"line":18,"column":23},"end":{"line":21,"column":9}},"10":{"start":{"line":22,"column":8},"end":{"line":22,"column":25}},"11":{"start":{"line":24,"column":8},"end":{"line":24,"column":63}},"12":{"start":{"line":27,"column":6},"end":{"line":27,"column":42}},"13":{"start":{"line":32,"column":4},"end":{"line":46,"column":5}},"14":{"start":{"line":33,"column":6},"end":{"line":35,"column":7}},"15":{"start":{"line":34,"column":8},"end":{"line":34,"column":69}},"16":{"start":{"line":36,"column":22},"end":{"line":38,"column":8}},"17":{"start":{"line":39,"column":21},"end":{"line":42,"column":7}},"18":{"start":{"line":43,"column":6},"end":{"line":43,"column":23}},"19":{"start":{"line":45,"column":6},"end":{"line":45,"column":42}},"20":{"start":{"line":50,"column":0},"end":{"line":50,"column":35}}},"fnMap":{"0":{"name":"(anonymous_0)","decl":{"start":{"line":5,"column":2},"end":{"line":5,"column":3}},"loc":{"start":{"line":5,"column":32},"end":{"line":12,"column":3}},"line":5},"1":{"name":"(anonymous_1)","decl":{"start":{"line":14,"column":2},"end":{"line":14,"column":3}},"loc":{"start":{"line":14,"column":40},"end":{"line":29,"column":3}},"line":14},"2":{"name":"(anonymous_2)","decl":{"start":{"line":31,"column":2},"end":{"line":31,"column":3}},"loc":{"start":{"line":31,"column":36},"end":{"line":47,"column":3}},"line":31}},"branchMap":{"0":{"loc":{"start":{"line":17,"column":6},"end":{"line":25,"column":7}},"type":"if","locations":[{"start":{"line":17,"column":6},"end":{"line":25,"column":7}},{"start":{"line":23,"column":13},"end":{"line":25,"column":7}}],"line":17},"1":{"loc":{"start":{"line":33,"column":6},"end":{"line":35,"column":7}},"type":"if","locations":[{"start":{"line":33,"column":6},"end":{"line":35,"column":7}},{"start":{},"end":{}}],"line":33}},"s":{"0":1,"1":1,"2":2,"3":2,"4":1,"5":1,"6":3,"7":3,"8":2,"9":1,"10":1,"11":1,"12":1,"13":3,"14":3,"15":1,"16":2,"17":1,"18":1,"19":1,"20":1},"f":{"0":2,"1":3,"2":3},"b":{"0":[1,1],"1":[1,2]},"_coverageSchema":"1a1c01bbd47fc00a2c39e90264f33305004495a9","hash":"84f46ccffbda7ea3087cd6352749647381fd9086"}
,"D:\\Perkuliahan\\Folder TA\\Backend\\controllers\\ReservasiController.js": {"path":"D:\\Perkuliahan\\Folder TA\\Backend\\controllers\\ReservasiController.js","statementMap":{"0":{"start":{"line":1,"column":28},"end":{"line":1,"column":74}},"1":{"start":{"line":2,"column":26},"end":{"line":2,"column":70}},"2":{"start":{"line":6,"column":4},"end":{"line":12,"column":5}},"3":{"start":{"line":7,"column":24},"end":{"line":7,"column":61}},"4":{"start":{"line":8,"column":6},"end":{"line":8,"column":38}},"5":{"start":{"line":10,"column":6},"end":{"line":10,"column":27}},"6":{"start":{"line":11,"column":6},"end":{"line":11,"column":53}},"7":{"start":{"line":15,"column":4},"end":{"line":25,"column":5}},"8":{"start":{"line":16,"column":21},"end":{"line":16,"column":31}},"9":{"start":{"line":17,"column":24},"end":{"line":17,"column":70}},"10":{"start":{"line":18,"column":6},"end":{"line":20,"column":7}},"11":{"start":{"line":19,"column":8},"end":{"line":19,"column":72}},"12":{"start":{"line":21,"column":6},"end":{"line":21,"column":38}},"13":{"start":{"line":23,"column":6},"end":{"line":23,"column":27}},"14":{"start":{"line":24,"column":6},"end":{"line":24,"column":53}},"15":{"start":{"line":28,"column":4},"end":{"line":59,"column":5}},"16":{"start":{"line":29,"column":21},"end":{"line":29,"column":31}},"17":{"start":{"line":30,"column":29},"end":{"line":30,"column":31}},"18":{"start":{"line":31,"column":93},"end":{"line":31,"column":101}},"19":{"start":{"line":33,"column":24},"end":{"line":43,"column":8}},"20":{"start":{"line":45,"column":27},"end":{"line":45,"column":98}},"21":{"start":{"line":46,"column":22},"end":{"line":54,"column":8}},"22":{"start":{"line":55,"column":6},"end":{"line":55,"column":51}},"23":{"start":{"line":57,"column":6},"end":{"line":57,"column":27}},"24":{"start":{"line":58,"column":6},"end":{"line":58,"column":53}},"25":{"start":{"line":63,"column":4},"end":{"line":92,"column":5}},"26":{"start":{"line":64,"column":109},"end":{"line":64,"column":117}},"27":{"start":{"line":66,"column":24},"end":{"line":76,"column":8}},"28":{"start":{"line":78,"column":27},"end":{"line":78,"column":98}},"29":{"start":{"line":79,"column":22},"end":{"line":87,"column":8}},"30":{"start":{"line":88,"column":6},"end":{"line":88,"column":51}},"31":{"start":{"line":90,"column":6},"end":{"line":90,"column":27}},"32":{"start":{"line":91,"column":6},"end":{"line":91,"column":53}},"33":{"start":{"line":96,"column":4},"end":{"line":106,"column":5}},"34":{"start":{"line":97,"column":21},"end":{"line":97,"column":31}},"35":{"start":{"line":98,"column":24},"end":{"line":98,"column":79}},"36":{"start":{"line":99,"column":6},"end":{"line":101,"column":7}},"37":{"start":{"line":100,"column":8},"end":{"line":100,"column":72}},"38":{"start":{"line":102,"column":6},"end":{"line":102,"column":42}},"39":{"start":{"line":104,"column":6},"end":{"line":104,"column":27}},"40":{"start":{"line":105,"column":6},"end":{"line":105,"column":53}},"41":{"start":{"line":109,"column":4},"end":{"line":119,"column":5}},"42":{"start":{"line":110,"column":21},"end":{"line":110,"column":31}},"43":{"start":{"line":111,"column":24},"end":{"line":111,"column":69}},"44":{"start":{"line":112,"column":6},"end":{"line":114,"column":7}},"45":{"start":{"line":113,"column":8},"end":{"line":113,"column":72}},"46":{"start":{"line":115,"column":6},"end":{"line":115,"column":74}},"47":{"start":{"line":117,"column":6},"end":{"line":117,"column":27}},"48":{"start":{"line":118,"column":6},"end":{"line":118,"column":53}},"49":{"start":{"line":123,"column":0},"end":{"line":123,"column":37}}},"fnMap":{"0":{"name":"(anonymous_0)","decl":{"start":{"line":5,"column":2},"end":{"line":5,"column":3}},"loc":{"start":{"line":5,"column":41},"end":{"line":13,"column":3}},"line":5},"1":{"name":"(anonymous_1)","decl":{"start":{"line":14,"column":2},"end":{"line":14,"column":3}},"loc":{"start":{"line":14,"column":42},"end":{"line":26,"column":3}},"line":14},"2":{"name":"(anonymous_2)","decl":{"start":{"line":27,"column":2},"end":{"line":27,"column":3}},"loc":{"start":{"line":27,"column":43},"end":{"line":60,"column":3}},"line":27},"3":{"name":"(anonymous_3)","decl":{"start":{"line":62,"column":2},"end":{"line":62,"column":3}},"loc":{"start":{"line":62,"column":41},"end":{"line":93,"column":3}},"line":62},"4":{"name":"(anonymous_4)","decl":{"start":{"line":95,"column":2},"end":{"line":95,"column":3}},"loc":{"start":{"line":95,"column":41},"end":{"line":107,"column":3}},"line":95},"5":{"name":"(anonymous_5)","decl":{"start":{"line":108,"column":2},"end":{"line":108,"column":3}},"loc":{"start":{"line":108,"column":41},"end":{"line":120,"column":3}},"line":108}},"branchMap":{"0":{"loc":{"start":{"line":18,"column":6},"end":{"line":20,"column":7}},"type":"if","locations":[{"start":{"line":18,"column":6},"end":{"line":20,"column":7}},{"start":{},"end":{}}],"line":18},"1":{"loc":{"start":{"line":99,"column":6},"end":{"line":101,"column":7}},"type":"if","locations":[{"start":{"line":99,"column":6},"end":{"line":101,"column":7}},{"start":{},"end":{}}],"line":99},"2":{"loc":{"start":{"line":112,"column":6},"end":{"line":114,"column":7}},"type":"if","locations":[{"start":{"line":112,"column":6},"end":{"line":114,"column":7}},{"start":{},"end":{}}],"line":112}},"s":{"0":1,"1":1,"2":2,"3":2,"4":1,"5":1,"6":1,"7":3,"8":3,"9":3,"10":2,"11":1,"12":1,"13":1,"14":1,"15":2,"16":2,"17":2,"18":2,"19":2,"20":1,"21":1,"22":1,"23":1,"24":1,"25":2,"26":2,"27":2,"28":1,"29":1,"30":1,"31":1,"32":1,"33":5,"34":5,"35":5,"36":3,"37":2,"38":1,"39":2,"40":2,"41":3,"42":3,"43":3,"44":2,"45":1,"46":1,"47":1,"48":1,"49":1},"f":{"0":2,"1":3,"2":2,"3":2,"4":5,"5":3},"b":{"0":[1,1],"1":[2,1],"2":[1,1]},"_coverageSchema":"1a1c01bbd47fc00a2c39e90264f33305004495a9","hash":"c0d37b7acb5a7bd7b18a2cf1c9cac393e9396cfb"}
,"D:\\Perkuliahan\\Folder TA\\Backend\\controllers\\RiwayatController.js": {"path":"D:\\Perkuliahan\\Folder TA\\Backend\\controllers\\RiwayatController.js","statementMap":{"0":{"start":{"line":1,"column":26},"end":{"line":1,"column":70}},"1":{"start":{"line":5,"column":4},"end":{"line":10,"column":5}},"2":{"start":{"line":6,"column":22},"end":{"line":6,"column":57}},"3":{"start":{"line":7,"column":6},"end":{"line":7,"column":36}},"4":{"start":{"line":9,"column":6},"end":{"line":9,"column":53}},"5":{"start":{"line":14,"column":4},"end":{"line":20,"column":5}},"6":{"start":{"line":15,"column":21},"end":{"line":15,"column":31}},"7":{"start":{"line":16,"column":6},"end":{"line":16,"column":41}},"8":{"start":{"line":17,"column":6},"end":{"line":17,"column":64}},"9":{"start":{"line":19,"column":6},"end":{"line":19,"column":53}},"10":{"start":{"line":24,"column":4},"end":{"line":30,"column":5}},"11":{"start":{"line":25,"column":21},"end":{"line":25,"column":31}},"12":{"start":{"line":26,"column":22},"end":{"line":26,"column":60}},"13":{"start":{"line":27,"column":6},"end":{"line":27,"column":36}},"14":{"start":{"line":29,"column":6},"end":{"line":29,"column":53}},"15":{"start":{"line":34,"column":4},"end":{"line":40,"column":5}},"16":{"start":{"line":35,"column":21},"end":{"line":35,"column":31}},"17":{"start":{"line":36,"column":22},"end":{"line":36,"column":64}},"18":{"start":{"line":37,"column":6},"end":{"line":37,"column":36}},"19":{"start":{"line":39,"column":6},"end":{"line":39,"column":53}},"20":{"start":{"line":44,"column":0},"end":{"line":44,"column":35}}},"fnMap":{"0":{"name":"(anonymous_0)","decl":{"start":{"line":4,"column":2},"end":{"line":4,"column":3}},"loc":{"start":{"line":4,"column":32},"end":{"line":11,"column":3}},"line":4},"1":{"name":"(anonymous_1)","decl":{"start":{"line":13,"column":2},"end":{"line":13,"column":3}},"loc":{"start":{"line":13,"column":32},"end":{"line":21,"column":3}},"line":13},"2":{"name":"(anonymous_2)","decl":{"start":{"line":23,"column":2},"end":{"line":23,"column":3}},"loc":{"start":{"line":23,"column":36},"end":{"line":31,"column":3}},"line":23},"3":{"name":"(anonymous_3)","decl":{"start":{"line":33,"column":2},"end":{"line":33,"column":3}},"loc":{"start":{"line":33,"column":40},"end":{"line":41,"column":3}},"line":33}},"branchMap":{},"s":{"0":1,"1":2,"2":2,"3":1,"4":1,"5":2,"6":2,"7":2,"8":1,"9":1,"10":2,"11":2,"12":2,"13":1,"14":1,"15":2,"16":2,"17":2,"18":1,"19":1,"20":1},"f":{"0":2,"1":2,"2":2,"3":2},"b":{},"_coverageSchema":"1a1c01bbd47fc00a2c39e90264f33305004495a9","hash":"fe542825ff9bc63bf8592976c1166c5bf8c564aa"}
,"D:\\Perkuliahan\\Folder TA\\Backend\\controllers\\SpesialisasiController.js": {"path":"D:\\Perkuliahan\\Folder TA\\Backend\\controllers\\SpesialisasiController.js","statementMap":{"0":{"start":{"line":1,"column":31},"end":{"line":1,"column":80}},"1":{"start":{"line":2,"column":23},"end":{"line":2,"column":52}},"2":{"start":{"line":6,"column":4},"end":{"line":17,"column":5}},"3":{"start":{"line":7,"column":27},"end":{"line":7,"column":72}},"4":{"start":{"line":9,"column":6},"end":{"line":12,"column":10}},"5":{"start":{"line":9,"column":57},"end":{"line":12,"column":7}},"6":{"start":{"line":14,"column":6},"end":{"line":14,"column":29}},"7":{"start":{"line":16,"column":6},"end":{"line":16,"column":42}},"8":{"start":{"line":21,"column":4},"end":{"line":34,"column":5}},"9":{"start":{"line":22,"column":27},"end":{"line":22,"column":90}},"10":{"start":{"line":23,"column":6},"end":{"line":31,"column":7}},"11":{"start":{"line":24,"column":23},"end":{"line":27,"column":9}},"12":{"start":{"line":28,"column":8},"end":{"line":28,"column":25}},"13":{"start":{"line":30,"column":8},"end":{"line":30,"column":68}},"14":{"start":{"line":33,"column":6},"end":{"line":33,"column":42}},"15":{"start":{"line":38,"column":4},"end":{"line":50,"column":5}},"16":{"start":{"line":39,"column":6},"end":{"line":41,"column":7}},"17":{"start":{"line":40,"column":8},"end":{"line":40,"column":42}},"18":{"start":{"line":42,"column":27},"end":{"line":42,"column":84}},"19":{"start":{"line":43,"column":21},"end":{"line":46,"column":7}},"20":{"start":{"line":47,"column":6},"end":{"line":47,"column":35}},"21":{"start":{"line":49,"column":6},"end":{"line":49,"column":42}},"22":{"start":{"line":54,"column":4},"end":{"line":68,"column":5}},"23":{"start":{"line":55,"column":6},"end":{"line":57,"column":7}},"24":{"start":{"line":56,"column":8},"end":{"line":56,"column":69}},"25":{"start":{"line":58,"column":22},"end":{"line":60,"column":8}},"26":{"start":{"line":61,"column":21},"end":{"line":64,"column":7}},"27":{"start":{"line":65,"column":6},"end":{"line":65,"column":23}},"28":{"start":{"line":67,"column":6},"end":{"line":67,"column":42}},"29":{"start":{"line":72,"column":4},"end":{"line":85,"column":5}},"30":{"start":{"line":73,"column":6},"end":{"line":73,"column":27}},"31":{"start":{"line":74,"column":6},"end":{"line":76,"column":7}},"32":{"start":{"line":75,"column":8},"end":{"line":75,"column":42}},"33":{"start":{"line":77,"column":22},"end":{"line":77,"column":94}},"34":{"start":{"line":78,"column":21},"end":{"line":81,"column":7}},"35":{"start":{"line":82,"column":6},"end":{"line":82,"column":23}},"36":{"start":{"line":84,"column":6},"end":{"line":84,"column":42}},"37":{"start":{"line":89,"column":4},"end":{"line":94,"column":5}},"38":{"start":{"line":90,"column":23},"end":{"line":90,"column":85}},"39":{"start":{"line":91,"column":6},"end":{"line":91,"column":75}},"40":{"start":{"line":93,"column":6},"end":{"line":93,"column":42}},"41":{"start":{"line":98,"column":0},"end":{"line":98,"column":40}}},"fnMap":{"0":{"name":"(anonymous_0)","decl":{"start":{"line":5,"column":2},"end":{"line":5,"column":3}},"loc":{"start":{"line":5,"column":32},"end":{"line":18,"column":3}},"line":5},"1":{"name":"(anonymous_1)","decl":{"start":{"line":9,"column":48},"end":{"line":9,"column":49}},"loc":{"start":{"line":9,"column":57},"end":{"line":12,"column":7}},"line":9},"2":{"name":"(anonymous_2)","decl":{"start":{"line":20,"column":2},"end":{"line":20,"column":3}},"loc":{"start":{"line":20,"column":45},"end":{"line":35,"column":3}},"line":20},"3":{"name":"(anonymous_3)","decl":{"start":{"line":37,"column":2},"end":{"line":37,"column":3}},"loc":{"start":{"line":37,"column":44},"end":{"line":51,"column":3}},"line":37},"4":{"name":"(anonymous_4)","decl":{"start":{"line":53,"column":2},"end":{"line":53,"column":3}},"loc":{"start":{"line":53,"column":36},"end":{"line":69,"column":3}},"line":53},"5":{"name":"(anonymous_5)","decl":{"start":{"line":71,"column":2},"end":{"line":71,"column":3}},"loc":{"start":{"line":71,"column":44},"end":{"line":86,"column":3}},"line":71},"6":{"name":"(anonymous_6)","decl":{"start":{"line":88,"column":2},"end":{"line":88,"column":3}},"loc":{"start":{"line":88,"column":44},"end":{"line":95,"column":3}},"line":88}},"branchMap":{"0":{"loc":{"start":{"line":23,"column":6},"end":{"line":31,"column":7}},"type":"if","locations":[{"start":{"line":23,"column":6},"end":{"line":31,"column":7}},{"start":{"line":29,"column":13},"end":{"line":31,"column":7}}],"line":23},"1":{"loc":{"start":{"line":39,"column":6},"end":{"line":41,"column":7}},"type":"if","locations":[{"start":{"line":39,"column":6},"end":{"line":41,"column":7}},{"start":{},"end":{}}],"line":39},"2":{"loc":{"start":{"line":55,"column":6},"end":{"line":57,"column":7}},"type":"if","locations":[{"start":{"line":55,"column":6},"end":{"line":57,"column":7}},{"start":{},"end":{}}],"line":55},"3":{"loc":{"start":{"line":74,"column":6},"end":{"line":76,"column":7}},"type":"if","locations":[{"start":{"line":74,"column":6},"end":{"line":76,"column":7}},{"start":{},"end":{}}],"line":74}},"s":{"0":1,"1":1,"2":2,"3":2,"4":1,"5":1,"6":1,"7":1,"8":2,"9":2,"10":2,"11":1,"12":1,"13":1,"14":0,"15":2,"16":2,"17":1,"18":2,"19":1,"20":1,"21":1,"22":2,"23":2,"24":1,"25":1,"26":1,"27":1,"28":0,"29":1,"30":1,"31":1,"32":1,"33":1,"34":1,"35":1,"36":0,"37":2,"38":2,"39":1,"40":1,"41":1},"f":{"0":2,"1":1,"2":2,"3":2,"4":2,"5":1,"6":2},"b":{"0":[1,1],"1":[1,1],"2":[1,1],"3":[1,0]},"_coverageSchema":"1a1c01bbd47fc00a2c39e90264f33305004495a9","hash":"029b9657fe906dba9b64e3b90182eeadf57413b1"}
}
