TN:
SF:controllers\AdminController.js
FN:7,(anonymous_0)
FN:16,(anonymous_1)
FN:25,(anonymous_2)
FN:34,(anonymous_3)
FN:52,(anonymous_4)
FNF:5
FNH:5
FNDA:2,(anonymous_0)
FNDA:2,(anonymous_1)
FNDA:2,(anonymous_2)
FNDA:3,(anonymous_3)
FNDA:3,(anonymous_4)
DA:1,1
DA:2,1
DA:3,1
DA:4,1
DA:8,2
DA:9,2
DA:10,1
DA:12,1
DA:17,2
DA:18,2
DA:19,1
DA:21,1
DA:26,2
DA:27,2
DA:28,1
DA:30,1
DA:35,3
DA:36,3
DA:37,1
DA:39,2
DA:42,1
DA:46,1
DA:48,1
DA:53,3
DA:54,3
DA:56,3
DA:57,1
DA:60,2
DA:64,1
DA:69,1
DA:71,1
DA:77,1
LF:32
LH:32
BRDA:36,0,0,1
BRDA:36,0,1,2
BRDA:56,1,0,1
BRDA:56,1,1,2
BRF:4
BRH:4
end_of_record
TN:
SF:controllers\AuthController.js
FN:5,(anonymous_0)
FN:16,(anonymous_1)
FN:25,(anonymous_2)
FN:33,(anonymous_3)
FNF:4
FNH:4
FNDA:2,(anonymous_0)
FNDA:2,(anonymous_1)
FNDA:2,(anonymous_2)
FNDA:2,(anonymous_3)
DA:1,1
DA:2,1
DA:6,2
DA:7,2
DA:8,2
DA:9,1
DA:10,1
DA:12,1
DA:17,2
DA:18,2
DA:19,1
DA:21,1
DA:26,2
DA:27,2
DA:28,1
DA:30,1
DA:34,2
DA:35,2
DA:36,2
DA:37,1
DA:38,1
DA:40,1
DA:45,1
LF:23
LH:23
BRF:0
BRH:0
end_of_record
TN:
SF:controllers\DoctorController.js
FN:5,(anonymous_0)
FN:14,(anonymous_1)
FN:31,(anonymous_2)
FN:50,(anonymous_3)
FN:69,(anonymous_4)
FN:81,(anonymous_5)
FNF:6
FNH:6
FNDA:2,(anonymous_0)
FNDA:3,(anonymous_1)
FNDA:3,(anonymous_2)
FNDA:2,(anonymous_3)
FNDA:2,(anonymous_4)
FNDA:3,(anonymous_5)
DA:1,1
DA:2,1
DA:6,2
DA:7,2
DA:8,1
DA:10,1
DA:15,3
DA:16,3
DA:17,2
DA:18,1
DA:22,1
DA:24,1
DA:27,1
DA:32,3
DA:33,3
DA:34,1
DA:36,3
DA:37,2
DA:41,2
DA:46,1
DA:51,2
DA:52,2
DA:53,1
DA:55,2
DA:56,1
DA:60,1
DA:65,1
DA:70,2
DA:71,2
DA:72,1
DA:77,1
DA:82,3
DA:83,3
DA:84,1
DA:86,2
DA:89,1
DA:93,1
DA:95,1
DA:100,1
LF:39
LH:39
BRDA:17,0,0,1
BRDA:17,0,1,1
BRDA:33,1,0,1
BRDA:33,1,1,2
BRDA:52,2,0,1
BRDA:52,2,1,1
BRDA:83,3,0,1
BRDA:83,3,1,2
BRF:8
BRH:8
end_of_record
TN:
SF:controllers\FooterController.js
FN:4,(anonymous_0)
FN:13,(anonymous_1)
FNF:2
FNH:2
FNDA:2,(anonymous_0)
FNDA:2,(anonymous_1)
DA:1,1
DA:5,2
DA:6,2
DA:7,1
DA:9,1
DA:14,2
DA:15,2
DA:16,1
DA:18,1
DA:23,1
LF:10
LH:10
BRF:0
BRH:0
end_of_record
TN:
SF:controllers\JadwalDokterSpesialisasiController.js
FN:4,(anonymous_0)
FN:13,(anonymous_1)
FN:22,(anonymous_2)
FN:34,(anonymous_3)
FN:46,(anonymous_4)
FNF:5
FNH:5
FNDA:2,(anonymous_0)
FNDA:2,(anonymous_1)
FNDA:2,(anonymous_2)
FNDA:2,(anonymous_3)
FNDA:2,(anonymous_4)
DA:1,1
DA:5,2
DA:6,2
DA:7,1
DA:9,1
DA:14,2
DA:15,2
DA:16,1
DA:18,1
DA:23,2
DA:24,2
DA:25,1
DA:30,1
DA:35,2
DA:36,2
DA:37,1
DA:42,1
DA:47,2
DA:48,2
DA:49,1
DA:54,1
DA:59,1
LF:22
LH:22
BRF:0
BRH:0
end_of_record
TN:
SF:controllers\JadwalDokterUmumController.js
FN:4,(anonymous_0)
FN:13,(anonymous_1)
FN:25,(anonymous_2)
FN:40,(anonymous_3)
FN:55,(anonymous_4)
FNF:5
FNH:5
FNDA:2,(anonymous_0)
FNDA:3,(anonymous_1)
FNDA:3,(anonymous_2)
FNDA:3,(anonymous_3)
FNDA:3,(anonymous_4)
DA:1,1
DA:5,2
DA:6,2
DA:7,1
DA:9,1
DA:14,3
DA:15,3
DA:16,2
DA:17,1
DA:19,1
DA:21,1
DA:26,3
DA:27,3
DA:28,2
DA:29,1
DA:31,1
DA:36,1
DA:41,3
DA:42,3
DA:43,2
DA:44,1
DA:46,1
DA:51,1
DA:56,3
DA:57,3
DA:58,2
DA:59,1
DA:61,1
DA:66,1
DA:71,1
LF:30
LH:30
BRDA:16,0,0,1
BRDA:16,0,1,1
BRDA:28,1,0,1
BRDA:28,1,1,1
BRDA:43,2,0,1
BRDA:43,2,1,1
BRDA:58,3,0,1
BRDA:58,3,1,1
BRF:8
BRH:8
end_of_record
TN:
SF:controllers\PatientController.js
FN:5,(anonymous_0)
FN:14,(anonymous_1)
FN:31,(anonymous_2)
FNF:3
FNH:3
FNDA:2,(anonymous_0)
FNDA:3,(anonymous_1)
FNDA:3,(anonymous_2)
DA:1,1
DA:2,1
DA:6,2
DA:7,2
DA:8,1
DA:10,1
DA:15,3
DA:16,3
DA:17,2
DA:18,1
DA:22,1
DA:24,1
DA:27,1
DA:32,3
DA:33,3
DA:34,1
DA:36,2
DA:39,1
DA:43,1
DA:45,1
DA:50,1
LF:21
LH:21
BRDA:17,0,0,1
BRDA:17,0,1,1
BRDA:33,1,0,1
BRDA:33,1,1,2
BRF:4
BRH:4
end_of_record
TN:
SF:controllers\ReservasiController.js
FN:6,(anonymous_0)
FN:14,(anonymous_1)
FN:26,(anonymous_2)
FN:64,(anonymous_3)
FN:100,(anonymous_4)
FN:115,(anonymous_5)
FNF:6
FNH:6
FNDA:2,(anonymous_0)
FNDA:3,(anonymous_1)
FNDA:2,(anonymous_2)
FNDA:2,(anonymous_3)
FNDA:3,(anonymous_4)
FNDA:3,(anonymous_5)
DA:1,1
DA:2,1
DA:3,1
DA:7,2
DA:8,2
DA:9,1
DA:11,1
DA:15,3
DA:16,3
DA:17,3
DA:18,2
DA:19,1
DA:21,1
DA:23,1
DA:27,2
DA:28,2
DA:29,2
DA:30,2
DA:32,2
DA:44,1
DA:45,1
DA:54,1
DA:60,1
DA:65,2
DA:66,2
DA:68,2
DA:80,1
DA:81,1
DA:90,1
DA:96,1
DA:101,3
DA:102,3
DA:103,3
DA:104,2
DA:105,1
DA:107,1
DA:112,1
DA:116,3
DA:117,3
DA:118,3
DA:119,2
DA:120,1
DA:122,1
DA:127,1
DA:132,1
LF:45
LH:45
BRDA:18,0,0,1
BRDA:18,0,1,1
BRDA:104,1,0,1
BRDA:104,1,1,1
BRDA:119,2,0,1
BRDA:119,2,1,1
BRF:6
BRH:6
end_of_record
TN:
SF:controllers\RiwayatController.js
FN:4,(anonymous_0)
FN:13,(anonymous_1)
FN:26,(anonymous_2)
FN:39,(anonymous_3)
FN:52,(anonymous_4)
FNF:5
FNH:5
FNDA:2,(anonymous_0)
FNDA:3,(anonymous_1)
FNDA:3,(anonymous_2)
FNDA:5,(anonymous_3)
FNDA:6,(anonymous_4)
DA:1,1
DA:5,2
DA:6,2
DA:7,1
DA:9,1
DA:14,3
DA:15,3
DA:16,3
DA:17,1
DA:19,2
DA:20,1
DA:22,1
DA:27,3
DA:28,3
DA:29,3
DA:30,1
DA:32,2
DA:33,1
DA:35,1
DA:40,5
DA:41,5
DA:42,5
DA:43,1
DA:45,4
DA:46,2
DA:48,2
DA:53,6
DA:54,6
DA:55,6
DA:56,2
DA:58,4
DA:59,2
DA:61,2
DA:66,1
LF:34
LH:34
BRDA:19,0,0,1
BRDA:19,0,1,1
BRDA:32,1,0,1
BRDA:32,1,1,1
BRDA:45,2,0,2
BRDA:45,2,1,2
BRDA:58,3,0,2
BRDA:58,3,1,2
BRF:8
BRH:8
end_of_record
TN:
SF:controllers\SpesialisasiController.js
FN:6,(anonymous_0)
FN:10,(anonymous_1)
FN:21,(anonymous_2)
FN:40,(anonymous_3)
FN:59,(anonymous_4)
FN:77,(anonymous_5)
FN:97,(anonymous_6)
FNF:7
FNH:7
FNDA:3,(anonymous_0)
FNDA:1,(anonymous_1)
FNDA:2,(anonymous_2)
FNDA:2,(anonymous_3)
FNDA:3,(anonymous_4)
FNDA:3,(anonymous_5)
FNDA:2,(anonymous_6)
DA:1,1
DA:2,1
DA:3,1
DA:7,3
DA:8,3
DA:10,1
DA:15,1
DA:17,2
DA:22,2
DA:23,2
DA:24,2
DA:25,1
DA:29,1
DA:31,1
DA:36,0
DA:41,2
DA:42,2
DA:43,1
DA:45,2
DA:46,1
DA:50,1
DA:55,1
DA:60,3
DA:61,3
DA:62,2
DA:64,1
DA:67,1
DA:71,1
DA:73,0
DA:78,3
DA:79,3
DA:80,3
DA:81,1
DA:83,3
DA:84,3
DA:88,3
DA:93,0
DA:98,2
DA:99,2
DA:100,1
DA:105,1
DA:110,1
LF:42
LH:39
BRDA:24,0,0,1
BRDA:24,0,1,1
BRDA:42,1,0,1
BRDA:42,1,1,1
BRDA:61,2,0,2
BRDA:61,2,1,1
BRDA:80,3,0,1
BRDA:80,3,1,2
BRF:8
BRH:8
end_of_record
