TN:
SF:controllers\AdminController.js
FN:4,(anonymous_0)
FN:13,(anonymous_1)
FN:22,(anonymous_2)
FNF:3
FNH:3
FNDA:2,(anonymous_0)
FNDA:2,(anonymous_1)
FNDA:2,(anonymous_2)
DA:1,1
DA:5,2
DA:6,2
DA:7,1
DA:9,1
DA:14,2
DA:15,2
DA:16,1
DA:18,1
DA:23,2
DA:24,2
DA:25,1
DA:27,1
DA:32,1
LF:14
LH:14
BRF:0
BRH:0
end_of_record
TN:
SF:controllers\AuthController.js
FN:4,(anonymous_0)
FN:14,(anonymous_1)
FN:23,(anonymous_2)
FN:31,(anonymous_3)
FNF:4
FNH:4
FNDA:2,(anonymous_0)
FNDA:2,(anonymous_1)
FNDA:2,(anonymous_2)
FNDA:2,(anonymous_3)
DA:1,1
DA:5,2
DA:6,2
DA:7,2
DA:8,1
DA:10,1
DA:15,2
DA:16,2
DA:17,1
DA:19,1
DA:24,2
DA:25,2
DA:26,1
DA:28,1
DA:32,2
DA:33,2
DA:34,2
DA:35,1
DA:37,1
DA:42,1
LF:20
LH:20
BRF:0
BRH:0
end_of_record
TN:
SF:controllers\DoctorController.js
FN:5,(anonymous_0)
FN:14,(anonymous_1)
FN:31,(anonymous_2)
FN:47,(anonymous_3)
FN:63,(anonymous_4)
FN:72,(anonymous_5)
FNF:6
FNH:6
FNDA:3,(anonymous_0)
FNDA:4,(anonymous_1)
FNDA:3,(anonymous_2)
FNDA:2,(anonymous_3)
FNDA:2,(anonymous_4)
FNDA:3,(anonymous_5)
DA:1,1
DA:2,1
DA:6,3
DA:7,3
DA:8,1
DA:10,2
DA:15,4
DA:16,4
DA:17,3
DA:18,1
DA:22,1
DA:24,2
DA:27,1
DA:32,3
DA:33,3
DA:34,2
DA:36,3
DA:37,2
DA:41,2
DA:43,1
DA:48,2
DA:49,2
DA:50,1
DA:52,2
DA:53,1
DA:57,1
DA:59,1
DA:64,2
DA:65,2
DA:66,1
DA:68,1
DA:73,3
DA:74,3
DA:75,1
DA:77,2
DA:80,1
DA:84,1
DA:86,1
DA:91,1
LF:39
LH:39
BRDA:17,0,0,1
BRDA:17,0,1,2
BRDA:33,1,0,2
BRDA:33,1,1,1
BRDA:49,2,0,1
BRDA:49,2,1,1
BRDA:74,3,0,1
BRDA:74,3,1,2
BRF:8
BRH:8
end_of_record
TN:
SF:controllers\FooterController.js
FN:4,(anonymous_0)
FN:13,(anonymous_1)
FNF:2
FNH:2
FNDA:2,(anonymous_0)
FNDA:2,(anonymous_1)
DA:1,1
DA:5,2
DA:6,2
DA:7,1
DA:9,1
DA:14,2
DA:15,2
DA:16,1
DA:18,1
DA:23,1
LF:10
LH:10
BRF:0
BRH:0
end_of_record
TN:
SF:controllers\JadwalDokterSpesialisasiController.js
FN:4,(anonymous_0)
FN:13,(anonymous_1)
FN:25,(anonymous_2)
FN:37,(anonymous_3)
FN:49,(anonymous_4)
FNF:5
FNH:5
FNDA:2,(anonymous_0)
FNDA:3,(anonymous_1)
FNDA:3,(anonymous_2)
FNDA:3,(anonymous_3)
FNDA:3,(anonymous_4)
DA:1,1
DA:5,2
DA:6,2
DA:7,1
DA:9,1
DA:14,3
DA:15,3
DA:16,2
DA:17,1
DA:19,1
DA:21,1
DA:26,3
DA:27,3
DA:28,1
DA:30,2
DA:31,1
DA:33,1
DA:38,3
DA:39,3
DA:40,2
DA:41,1
DA:43,1
DA:45,1
DA:50,3
DA:51,3
DA:52,2
DA:53,1
DA:55,1
DA:57,1
DA:62,1
LF:30
LH:30
BRDA:16,0,0,1
BRDA:16,0,1,1
BRDA:27,1,0,1
BRDA:27,1,1,2
BRDA:40,2,0,1
BRDA:40,2,1,1
BRDA:52,3,0,1
BRDA:52,3,1,1
BRF:8
BRH:8
end_of_record
TN:
SF:controllers\JadwalDokterUmumController.js
FN:4,(anonymous_0)
FN:13,(anonymous_1)
FN:22,(anonymous_2)
FN:31,(anonymous_3)
FN:40,(anonymous_4)
FNF:5
FNH:5
FNDA:2,(anonymous_0)
FNDA:2,(anonymous_1)
FNDA:2,(anonymous_2)
FNDA:2,(anonymous_3)
FNDA:2,(anonymous_4)
DA:1,1
DA:5,2
DA:6,2
DA:7,1
DA:9,1
DA:14,2
DA:15,2
DA:16,1
DA:18,1
DA:23,2
DA:24,2
DA:25,1
DA:27,1
DA:32,2
DA:33,2
DA:34,1
DA:36,1
DA:41,2
DA:42,2
DA:43,1
DA:45,1
DA:50,1
LF:22
LH:22
BRF:0
BRH:0
end_of_record
TN:
SF:controllers\PatientController.js
FN:5,(anonymous_0)
FN:14,(anonymous_1)
FN:31,(anonymous_2)
FNF:3
FNH:3
FNDA:2,(anonymous_0)
FNDA:3,(anonymous_1)
FNDA:3,(anonymous_2)
DA:1,1
DA:2,1
DA:6,2
DA:7,2
DA:8,1
DA:10,1
DA:15,3
DA:16,3
DA:17,2
DA:18,1
DA:22,1
DA:24,1
DA:27,1
DA:32,3
DA:33,3
DA:34,1
DA:36,2
DA:39,1
DA:43,1
DA:45,1
DA:50,1
LF:21
LH:21
BRDA:17,0,0,1
BRDA:17,0,1,1
BRDA:33,1,0,1
BRDA:33,1,1,2
BRF:4
BRH:4
end_of_record
TN:
SF:controllers\ReservasiController.js
FN:5,(anonymous_0)
FN:14,(anonymous_1)
FN:27,(anonymous_2)
FN:62,(anonymous_3)
FN:95,(anonymous_4)
FN:108,(anonymous_5)
FNF:6
FNH:6
FNDA:2,(anonymous_0)
FNDA:3,(anonymous_1)
FNDA:2,(anonymous_2)
FNDA:2,(anonymous_3)
FNDA:5,(anonymous_4)
FNDA:3,(anonymous_5)
DA:1,1
DA:2,1
DA:6,2
DA:7,2
DA:8,1
DA:10,1
DA:11,1
DA:15,3
DA:16,3
DA:17,3
DA:18,2
DA:19,1
DA:21,1
DA:23,1
DA:24,1
DA:28,2
DA:29,2
DA:30,2
DA:31,2
DA:33,2
DA:45,1
DA:46,1
DA:55,1
DA:57,1
DA:58,1
DA:63,2
DA:64,2
DA:66,2
DA:78,1
DA:79,1
DA:88,1
DA:90,1
DA:91,1
DA:96,5
DA:97,5
DA:98,5
DA:99,3
DA:100,2
DA:102,1
DA:104,2
DA:105,2
DA:109,3
DA:110,3
DA:111,3
DA:112,2
DA:113,1
DA:115,1
DA:117,1
DA:118,1
DA:123,1
LF:50
LH:50
BRDA:18,0,0,1
BRDA:18,0,1,1
BRDA:99,1,0,2
BRDA:99,1,1,1
BRDA:112,2,0,1
BRDA:112,2,1,1
BRF:6
BRH:6
end_of_record
TN:
SF:controllers\RiwayatController.js
FN:4,(anonymous_0)
FN:13,(anonymous_1)
FN:23,(anonymous_2)
FN:33,(anonymous_3)
FNF:4
FNH:4
FNDA:2,(anonymous_0)
FNDA:2,(anonymous_1)
FNDA:2,(anonymous_2)
FNDA:2,(anonymous_3)
DA:1,1
DA:5,2
DA:6,2
DA:7,1
DA:9,1
DA:14,2
DA:15,2
DA:16,2
DA:17,1
DA:19,1
DA:24,2
DA:25,2
DA:26,2
DA:27,1
DA:29,1
DA:34,2
DA:35,2
DA:36,2
DA:37,1
DA:39,1
DA:44,1
LF:21
LH:21
BRF:0
BRH:0
end_of_record
TN:
SF:controllers\SpesialisasiController.js
FN:5,(anonymous_0)
FN:9,(anonymous_1)
FN:20,(anonymous_2)
FN:37,(anonymous_3)
FN:53,(anonymous_4)
FN:71,(anonymous_5)
FN:88,(anonymous_6)
FNF:7
FNH:7
FNDA:2,(anonymous_0)
FNDA:1,(anonymous_1)
FNDA:2,(anonymous_2)
FNDA:2,(anonymous_3)
FNDA:2,(anonymous_4)
FNDA:1,(anonymous_5)
FNDA:2,(anonymous_6)
DA:1,1
DA:2,1
DA:6,2
DA:7,2
DA:9,1
DA:14,1
DA:16,1
DA:21,2
DA:22,2
DA:23,2
DA:24,1
DA:28,1
DA:30,1
DA:33,0
DA:38,2
DA:39,2
DA:40,1
DA:42,2
DA:43,1
DA:47,1
DA:49,1
DA:54,2
DA:55,2
DA:56,1
DA:58,1
DA:61,1
DA:65,1
DA:67,0
DA:72,1
DA:73,1
DA:74,1
DA:75,1
DA:77,1
DA:78,1
DA:82,1
DA:84,0
DA:89,2
DA:90,2
DA:91,1
DA:93,1
DA:98,1
LF:41
LH:38
BRDA:23,0,0,1
BRDA:23,0,1,1
BRDA:39,1,0,1
BRDA:39,1,1,1
BRDA:55,2,0,1
BRDA:55,2,1,1
BRDA:74,3,0,1
BRDA:74,3,1,0
BRF:8
BRH:7
end_of_record
